TN:
SF:dist\app.js
FN:2,__importDefault
FN:22,createApp
FNF:2
FNH:2
FNDA:11,__importDefault
FNDA:13,createApp
DA:1,1
DA:2,1
DA:3,11
DA:4,1
DA:5,1
DA:6,1
DA:7,1
DA:8,1
DA:9,1
DA:10,1
DA:11,1
DA:12,1
DA:13,1
DA:14,1
DA:15,1
DA:16,1
DA:17,1
DA:18,1
DA:19,1
DA:20,1
DA:21,1
DA:22,1
DA:23,13
DA:24,13
DA:25,13
DA:26,13
DA:27,13
DA:28,0
DA:29,0
DA:30,0
DA:31,0
DA:32,0
DA:33,13
DA:34,13
DA:35,0
DA:36,0
DA:37,0
DA:38,0
DA:39,0
DA:40,0
DA:41,13
DA:42,13
DA:43,13
DA:44,13
DA:45,13
DA:46,13
DA:47,13
DA:48,13
DA:49,13
DA:50,13
DA:51,13
DA:52,13
DA:53,13
DA:54,13
DA:55,13
DA:56,13
DA:57,1
DA:58,1
DA:59,1
DA:60,1
LF:60
LH:49
BRDA:1,0,0,1
BRDA:2,1,0,11
BRDA:3,2,0,7
BRDA:3,3,0,4
BRDA:22,4,0,13
BRF:5
BRH:5
end_of_record
TN:
SF:dist\config\database.js
FN:2,__importDefault
FN:21,testConnection
FN:34,initDatabase
FNF:3
FNH:1
FNDA:2,__importDefault
FNDA:0,testConnection
FNDA:0,initDatabase
DA:1,1
DA:2,1
DA:3,2
DA:4,1
DA:5,1
DA:6,1
DA:7,1
DA:8,1
DA:9,1
DA:10,1
DA:11,1
DA:12,1
DA:13,1
DA:14,1
DA:15,1
DA:16,1
DA:17,1
DA:18,1
DA:19,1
DA:20,1
DA:21,1
DA:22,0
DA:23,0
DA:24,0
DA:25,0
DA:26,0
DA:27,0
DA:28,0
DA:29,0
DA:30,0
DA:31,1
DA:32,1
DA:33,1
DA:34,1
DA:35,0
DA:36,0
DA:37,0
DA:38,0
DA:39,0
DA:40,0
DA:41,0
DA:42,0
DA:43,0
DA:44,0
DA:45,0
DA:46,0
DA:47,0
DA:48,0
DA:49,0
DA:50,0
DA:51,0
DA:52,0
DA:53,0
DA:54,0
DA:55,0
DA:56,0
DA:57,0
DA:58,0
DA:59,0
DA:60,0
DA:61,0
DA:62,0
DA:63,0
DA:64,0
DA:65,0
DA:66,0
DA:67,0
DA:68,0
DA:69,0
DA:70,0
DA:71,0
DA:72,0
DA:73,0
DA:74,0
DA:75,0
DA:76,0
DA:77,0
DA:78,0
DA:79,0
DA:80,0
DA:81,0
DA:82,0
DA:83,0
DA:84,0
DA:85,0
DA:86,0
DA:87,0
DA:88,0
DA:89,0
DA:90,0
DA:91,0
DA:92,0
DA:93,0
DA:94,0
DA:95,0
DA:96,0
DA:97,0
DA:98,0
DA:99,0
DA:100,0
DA:101,0
DA:102,0
DA:103,0
DA:104,0
DA:105,0
DA:106,0
DA:107,0
DA:108,0
DA:109,0
DA:110,0
DA:111,0
DA:112,0
DA:113,0
DA:114,0
DA:115,0
DA:116,0
DA:117,0
DA:118,0
DA:119,0
DA:120,0
DA:121,0
DA:122,0
DA:123,0
DA:124,0
DA:125,0
DA:126,0
DA:127,0
DA:128,0
DA:129,0
DA:130,0
DA:131,0
DA:132,0
DA:133,0
DA:134,0
DA:135,0
DA:136,0
DA:137,0
DA:138,0
DA:139,0
DA:140,0
DA:141,0
DA:142,0
DA:143,0
DA:144,0
DA:145,0
DA:146,0
DA:147,0
DA:148,0
DA:149,0
DA:150,0
DA:151,0
DA:152,0
DA:153,0
DA:154,0
DA:155,0
DA:156,0
DA:157,0
DA:158,0
DA:159,0
DA:160,0
DA:161,0
DA:162,0
DA:163,0
DA:164,0
DA:165,0
DA:166,0
DA:167,0
DA:168,0
DA:169,0
DA:170,0
DA:171,0
DA:172,0
DA:173,0
DA:174,0
DA:175,0
DA:176,0
DA:177,0
DA:178,0
DA:179,0
DA:180,0
DA:181,0
DA:182,0
DA:183,0
DA:184,0
DA:185,0
DA:186,0
DA:187,0
DA:188,0
DA:189,0
DA:190,0
DA:191,0
DA:192,0
DA:193,0
DA:194,0
DA:195,0
DA:196,0
DA:197,0
DA:198,0
DA:199,0
DA:200,0
DA:201,0
DA:202,0
DA:203,0
DA:204,0
DA:205,0
DA:206,0
DA:207,0
DA:208,0
DA:209,0
DA:210,0
DA:211,0
DA:212,0
DA:213,0
DA:214,0
DA:215,0
DA:216,0
DA:217,0
DA:218,0
DA:219,0
DA:220,0
DA:221,0
DA:222,0
DA:223,0
DA:224,0
DA:225,0
DA:226,0
DA:227,0
DA:228,0
DA:229,0
DA:230,1
DA:231,1
DA:232,1
LF:232
LH:28
BRDA:1,0,0,1
BRDA:11,1,0,0
BRDA:12,2,0,0
BRDA:13,3,0,0
BRDA:14,4,0,0
BRDA:15,5,0,0
BRDA:2,6,0,2
BRDA:3,7,0,0
BRF:8
BRH:2
end_of_record
TN:
SF:dist\config\swagger.js
FN:2,__importDefault
FNF:1
FNH:1
FNDA:2,__importDefault
DA:1,1
DA:2,1
DA:3,2
DA:4,1
DA:5,1
DA:6,1
DA:7,1
DA:8,1
DA:9,1
DA:10,1
DA:11,1
DA:12,1
DA:13,1
DA:14,1
DA:15,1
DA:16,1
DA:17,1
DA:18,1
DA:19,1
DA:20,1
DA:21,1
DA:22,1
DA:23,1
DA:24,1
DA:25,1
DA:26,1
DA:27,1
DA:28,1
DA:29,1
DA:30,1
DA:31,1
DA:32,1
DA:33,1
DA:34,1
DA:35,1
DA:36,1
DA:37,1
DA:38,1
DA:39,1
DA:40,1
DA:41,1
DA:42,1
DA:43,1
DA:44,1
DA:45,1
DA:46,1
DA:47,1
DA:48,1
DA:49,1
DA:50,1
DA:51,1
DA:52,1
DA:53,1
DA:54,1
DA:55,1
DA:56,1
DA:57,1
DA:58,1
DA:59,1
DA:60,1
DA:61,1
DA:62,1
DA:63,1
DA:64,1
DA:65,1
DA:66,1
DA:67,1
DA:68,1
DA:69,1
DA:70,1
DA:71,1
DA:72,1
DA:73,1
DA:74,1
DA:75,1
DA:76,1
DA:77,1
DA:78,1
DA:79,1
DA:80,1
DA:81,1
DA:82,1
DA:83,1
DA:84,1
DA:85,1
DA:86,1
DA:87,1
DA:88,1
DA:89,1
DA:90,1
DA:91,1
DA:92,1
DA:93,1
DA:94,1
DA:95,1
DA:96,1
DA:97,1
DA:98,1
DA:99,1
DA:100,1
DA:101,1
DA:102,1
DA:103,1
DA:104,1
DA:105,1
DA:106,1
DA:107,1
DA:108,1
DA:109,1
DA:110,1
DA:111,1
DA:112,1
DA:113,1
DA:114,1
DA:115,1
DA:116,1
DA:117,1
DA:118,1
DA:119,1
DA:120,1
DA:121,1
DA:122,1
DA:123,1
DA:124,1
DA:125,1
DA:126,1
DA:127,1
DA:128,1
DA:129,1
DA:130,1
DA:131,1
DA:132,1
DA:133,1
DA:134,1
DA:135,1
DA:136,1
DA:137,1
DA:138,1
DA:139,1
DA:140,1
DA:141,1
DA:142,1
DA:143,1
DA:144,1
DA:145,1
DA:146,1
DA:147,1
DA:148,1
DA:149,1
DA:150,1
DA:151,1
DA:152,1
DA:153,1
DA:154,1
DA:155,1
DA:156,1
DA:157,1
DA:158,1
DA:159,1
DA:160,1
DA:161,1
DA:162,1
DA:163,1
DA:164,1
DA:165,1
DA:166,1
DA:167,1
DA:168,1
DA:169,1
DA:170,1
DA:171,1
DA:172,1
DA:173,1
DA:174,1
DA:175,1
DA:176,1
DA:177,1
DA:178,1
DA:179,1
DA:180,1
DA:181,1
DA:182,1
DA:183,1
DA:184,1
DA:185,1
DA:186,1
DA:187,1
DA:188,1
DA:189,1
DA:190,1
DA:191,1
DA:192,1
DA:193,1
DA:194,1
DA:195,1
DA:196,1
DA:197,1
DA:198,1
DA:199,1
DA:200,1
DA:201,1
DA:202,1
DA:203,1
DA:204,1
DA:205,1
DA:206,1
DA:207,1
DA:208,1
DA:209,1
DA:210,1
DA:211,1
DA:212,1
DA:213,1
DA:214,1
DA:215,1
DA:216,1
DA:217,1
DA:218,1
DA:219,1
DA:220,1
DA:221,1
DA:222,1
DA:223,1
DA:224,1
DA:225,1
DA:226,1
DA:227,1
DA:228,1
DA:229,1
DA:230,1
DA:231,1
DA:232,1
DA:233,1
DA:234,1
DA:235,1
DA:236,1
DA:237,1
DA:238,1
DA:239,1
DA:240,1
DA:241,1
DA:242,1
DA:243,1
DA:244,1
DA:245,1
DA:246,1
DA:247,1
DA:248,1
DA:249,1
DA:250,1
DA:251,1
DA:252,1
DA:253,1
DA:254,1
DA:255,1
DA:256,1
DA:257,1
DA:258,1
DA:259,1
DA:260,1
DA:261,1
DA:262,1
DA:263,1
DA:264,1
DA:265,1
DA:266,1
DA:267,1
DA:268,1
DA:269,1
DA:270,1
DA:271,1
DA:272,1
DA:273,1
DA:274,1
DA:275,1
DA:276,1
DA:277,1
DA:278,1
DA:279,1
DA:280,1
DA:281,1
DA:282,1
DA:283,1
DA:284,1
DA:285,1
DA:286,1
DA:287,1
DA:288,1
DA:289,1
DA:290,1
DA:291,1
DA:292,1
DA:293,1
DA:294,1
DA:295,1
DA:296,1
DA:297,1
DA:298,1
DA:299,1
DA:300,1
DA:301,1
DA:302,1
DA:303,1
DA:304,1
DA:305,1
DA:306,1
DA:307,1
DA:308,1
DA:309,1
DA:310,1
DA:311,1
DA:312,1
DA:313,1
DA:314,1
DA:315,1
DA:316,1
DA:317,1
DA:318,1
DA:319,1
DA:320,1
DA:321,1
DA:322,1
DA:323,1
DA:324,1
DA:325,1
DA:326,1
DA:327,1
DA:328,1
DA:329,1
DA:330,1
DA:331,1
DA:332,1
DA:333,1
DA:334,1
DA:335,1
DA:336,1
DA:337,1
DA:338,1
DA:339,1
DA:340,1
DA:341,1
DA:342,1
DA:343,1
DA:344,1
DA:345,1
DA:346,1
DA:347,1
DA:348,1
DA:349,1
DA:350,1
DA:351,1
DA:352,1
DA:353,1
DA:354,1
DA:355,1
DA:356,1
DA:357,1
DA:358,1
DA:359,1
DA:360,1
DA:361,1
DA:362,1
DA:363,1
DA:364,1
DA:365,1
DA:366,1
DA:367,1
DA:368,1
DA:369,1
DA:370,1
DA:371,1
DA:372,1
DA:373,1
DA:374,1
DA:375,1
DA:376,1
DA:377,1
DA:378,1
DA:379,1
DA:380,1
DA:381,1
DA:382,1
DA:383,1
DA:384,1
DA:385,1
DA:386,1
DA:387,1
DA:388,1
DA:389,1
DA:390,1
DA:391,1
DA:392,1
DA:393,1
DA:394,1
DA:395,1
DA:396,1
DA:397,1
DA:398,1
DA:399,1
DA:400,1
DA:401,1
DA:402,1
DA:403,1
DA:404,1
DA:405,1
DA:406,1
DA:407,1
DA:408,1
DA:409,1
DA:410,1
DA:411,1
DA:412,1
DA:413,1
DA:414,1
DA:415,1
DA:416,1
DA:417,1
DA:418,1
DA:419,1
DA:420,1
DA:421,1
DA:422,1
DA:423,1
DA:424,1
DA:425,1
DA:426,1
DA:427,1
DA:428,1
DA:429,1
DA:430,1
DA:431,1
DA:432,1
DA:433,1
DA:434,1
DA:435,1
DA:436,1
DA:437,1
DA:438,1
DA:439,1
DA:440,1
DA:441,1
DA:442,1
DA:443,1
DA:444,1
DA:445,1
DA:446,1
DA:447,1
DA:448,1
DA:449,1
DA:450,1
DA:451,1
DA:452,1
DA:453,1
DA:454,1
DA:455,1
DA:456,1
DA:457,1
DA:458,1
DA:459,1
DA:460,1
DA:461,1
DA:462,1
DA:463,1
DA:464,1
DA:465,1
DA:466,1
DA:467,1
DA:468,1
DA:469,1
DA:470,1
DA:471,1
DA:472,1
DA:473,1
DA:474,1
DA:475,1
DA:476,1
DA:477,1
DA:478,1
DA:479,1
DA:480,1
DA:481,1
DA:482,1
DA:483,1
DA:484,1
DA:485,1
DA:486,1
DA:487,1
DA:488,1
DA:489,1
DA:490,1
DA:491,1
DA:492,1
DA:493,1
DA:494,1
DA:495,1
DA:496,1
DA:497,1
DA:498,1
DA:499,1
DA:500,1
DA:501,1
DA:502,1
DA:503,1
DA:504,1
DA:505,1
DA:506,1
DA:507,1
DA:508,1
DA:509,1
DA:510,1
DA:511,1
DA:512,1
DA:513,1
DA:514,1
DA:515,1
DA:516,1
DA:517,1
DA:518,1
DA:519,1
DA:520,1
DA:521,1
DA:522,1
DA:523,1
DA:524,1
DA:525,1
DA:526,1
DA:527,1
DA:528,1
DA:529,1
DA:530,1
DA:531,1
DA:532,1
DA:533,1
DA:534,1
DA:535,1
DA:536,1
DA:537,1
DA:538,1
DA:539,1
DA:540,1
DA:541,1
DA:542,1
DA:543,1
DA:544,1
DA:545,1
DA:546,1
DA:547,1
DA:548,1
DA:549,1
DA:550,1
DA:551,1
DA:552,1
DA:553,1
DA:554,1
DA:555,1
DA:556,1
DA:557,1
DA:558,1
DA:559,1
DA:560,1
DA:561,1
DA:562,1
DA:563,1
LF:563
LH:563
BRDA:1,0,0,1
BRDA:2,1,0,2
BRDA:3,2,0,0
BRF:3
BRH:2
end_of_record
TN:
SF:dist\controllers\authController.js
FN:2,__importDefault
FN:13,register
FN:28,login
FN:41,me
FN:59,logout
FNF:5
FNH:4
FNDA:1,__importDefault
FNDA:3,register
FNDA:0,login
FNDA:2,me
FNDA:1,logout
DA:1,1
DA:2,1
DA:3,1
DA:4,1
DA:5,1
DA:6,1
DA:7,1
DA:8,1
DA:9,1
DA:10,1
DA:11,1
DA:12,1
DA:13,1
DA:14,3
DA:15,3
DA:16,2
DA:17,2
DA:18,2
DA:19,2
DA:20,3
DA:21,1
DA:22,1
DA:23,3
DA:24,1
DA:25,1
DA:26,1
DA:27,1
DA:28,1
DA:29,0
DA:30,0
DA:31,0
DA:32,0
DA:33,0
DA:34,0
DA:35,0
DA:36,0
DA:37,1
DA:38,1
DA:39,1
DA:40,1
DA:41,1
DA:42,2
DA:43,2
DA:44,2
DA:45,1
DA:46,1
DA:47,1
DA:48,1
DA:49,1
DA:50,1
DA:51,2
DA:52,0
DA:53,0
DA:54,2
DA:55,1
DA:56,1
DA:57,1
DA:58,1
DA:59,1
DA:60,1
DA:61,1
DA:62,1
DA:63,1
LF:63
LH:53
BRDA:1,0,0,1
BRDA:2,1,0,1
BRDA:3,2,0,0
BRDA:13,3,0,3
BRDA:16,4,0,2
BRDA:20,5,0,1
BRDA:41,6,0,2
BRDA:43,7,0,1
BRDA:44,8,0,1
BRDA:51,9,0,0
BRDA:59,10,0,1
BRF:11
BRH:9
end_of_record
TN:
SF:dist\controllers\bankController.js
FN:2,__importDefault
FN:14,list
FN:37,getById
FN:51,create
FN:64,update
FN:78,delete
FNF:6
FNH:4
FNDA:1,__importDefault
FNDA:2,list
FNDA:0,getById
FNDA:1,create
FNDA:0,update
FNDA:2,delete
DA:1,1
DA:2,1
DA:3,1
DA:4,1
DA:5,1
DA:6,1
DA:7,1
DA:8,1
DA:9,1
DA:10,1
DA:11,1
DA:12,1
DA:13,1
DA:14,1
DA:15,2
DA:16,2
DA:17,2
DA:18,2
DA:19,2
DA:20,2
DA:21,2
DA:22,2
DA:23,2
DA:24,2
DA:25,2
DA:26,2
DA:27,2
DA:28,2
DA:29,2
DA:30,0
DA:31,0
DA:32,2
DA:33,1
DA:34,1
DA:35,1
DA:36,1
DA:37,1
DA:38,0
DA:39,0
DA:40,0
DA:41,0
DA:42,0
DA:43,0
DA:44,0
DA:45,0
DA:46,0
DA:47,1
DA:48,1
DA:49,1
DA:50,1
DA:51,1
DA:52,1
DA:53,1
DA:54,1
DA:55,1
DA:56,1
DA:57,0
DA:58,0
DA:59,1
DA:60,1
DA:61,1
DA:62,1
DA:63,1
DA:64,1
DA:65,0
DA:66,0
DA:67,0
DA:68,0
DA:69,0
DA:70,0
DA:71,0
DA:72,0
DA:73,0
DA:74,1
DA:75,1
DA:76,1
DA:77,1
DA:78,1
DA:79,2
DA:80,2
DA:81,2
DA:82,0
DA:83,0
DA:84,2
DA:85,2
DA:86,2
DA:87,2
DA:88,1
DA:89,1
DA:90,1
LF:90
LH:66
BRDA:1,0,0,1
BRDA:2,1,0,1
BRDA:3,2,0,0
BRDA:14,3,0,2
BRDA:19,4,0,0
BRDA:22,5,0,0
BRDA:23,6,0,0
BRDA:24,7,0,0
BRDA:29,8,0,0
BRDA:51,9,0,1
BRDA:56,10,0,0
BRDA:78,11,0,2
BRDA:82,12,0,0
BRF:13
BRH:5
end_of_record
TN:
SF:dist\controllers\categoryController.js
FN:2,__importDefault
FN:14,list
FN:45,getById
FN:59,create
FN:74,update
FN:88,delete
FNF:6
FNH:3
FNDA:1,__importDefault
FNDA:2,list
FNDA:0,getById
FNDA:0,create
FNDA:1,update
FNDA:0,delete
DA:1,1
DA:2,1
DA:3,1
DA:4,1
DA:5,1
DA:6,1
DA:7,1
DA:8,1
DA:9,1
DA:10,1
DA:11,1
DA:12,1
DA:13,1
DA:14,1
DA:15,2
DA:16,2
DA:17,2
DA:18,2
DA:19,2
DA:20,2
DA:21,0
DA:22,2
DA:23,2
DA:24,2
DA:25,2
DA:26,2
DA:27,2
DA:28,2
DA:29,2
DA:30,2
DA:31,2
DA:32,2
DA:33,2
DA:34,2
DA:35,2
DA:36,2
DA:37,2
DA:38,0
DA:39,0
DA:40,2
DA:41,1
DA:42,1
DA:43,1
DA:44,1
DA:45,1
DA:46,0
DA:47,0
DA:48,0
DA:49,0
DA:50,0
DA:51,0
DA:52,0
DA:53,0
DA:54,0
DA:55,1
DA:56,1
DA:57,1
DA:58,1
DA:59,1
DA:60,0
DA:61,0
DA:62,0
DA:63,0
DA:64,0
DA:65,0
DA:66,0
DA:67,0
DA:68,0
DA:69,0
DA:70,1
DA:71,1
DA:72,1
DA:73,1
DA:74,1
DA:75,1
DA:76,1
DA:77,1
DA:78,0
DA:79,0
DA:80,1
DA:81,1
DA:82,1
DA:83,1
DA:84,1
DA:85,1
DA:86,1
DA:87,1
DA:88,1
DA:89,0
DA:90,0
DA:91,0
DA:92,0
DA:93,0
DA:94,0
DA:95,0
DA:96,0
DA:97,0
DA:98,1
DA:99,1
DA:100,1
LF:100
LH:67
BRDA:1,0,0,1
BRDA:2,1,0,1
BRDA:3,2,0,0
BRDA:14,3,0,2
BRDA:20,4,0,0
BRDA:25,5,0,0
BRDA:26,6,0,0
BRDA:27,7,0,0
BRDA:31,8,0,0
BRDA:37,9,0,0
BRDA:74,10,0,1
BRDA:78,11,0,0
BRF:12
BRH:4
end_of_record
TN:
SF:dist\controllers\descricaoController.js
FN:2,__importDefault
FN:14,getAll
FN:41,getById
FN:55,create
FN:68,update
FN:82,delete
FNF:6
FNH:4
FNDA:1,__importDefault
FNDA:2,getAll
FNDA:1,getById
FNDA:0,create
FNDA:0,update
FNDA:1,delete
DA:1,1
DA:2,1
DA:3,1
DA:4,1
DA:5,1
DA:6,1
DA:7,1
DA:8,1
DA:9,1
DA:10,1
DA:11,1
DA:12,1
DA:13,1
DA:14,1
DA:15,2
DA:16,2
DA:17,2
DA:18,2
DA:19,2
DA:20,2
DA:21,2
DA:22,2
DA:23,2
DA:24,2
DA:25,2
DA:26,2
DA:27,2
DA:28,2
DA:29,2
DA:30,2
DA:31,2
DA:32,2
DA:33,2
DA:34,0
DA:35,0
DA:36,2
DA:37,1
DA:38,1
DA:39,1
DA:40,1
DA:41,1
DA:42,1
DA:43,1
DA:44,1
DA:45,1
DA:46,1
DA:47,1
DA:48,0
DA:49,0
DA:50,1
DA:51,1
DA:52,1
DA:53,1
DA:54,1
DA:55,1
DA:56,0
DA:57,0
DA:58,0
DA:59,0
DA:60,0
DA:61,0
DA:62,0
DA:63,0
DA:64,1
DA:65,1
DA:66,1
DA:67,1
DA:68,1
DA:69,0
DA:70,0
DA:71,0
DA:72,0
DA:73,0
DA:74,0
DA:75,0
DA:76,0
DA:77,0
DA:78,1
DA:79,1
DA:80,1
DA:81,1
DA:82,1
DA:83,1
DA:84,1
DA:85,1
DA:86,1
DA:87,1
DA:88,1
DA:89,0
DA:90,0
DA:91,1
DA:92,1
DA:93,1
DA:94,1
LF:94
LH:71
BRDA:1,0,0,1
BRDA:2,1,0,1
BRDA:3,2,0,0
BRDA:14,3,0,2
BRDA:16,4,0,0
BRDA:17,5,0,0
BRDA:18,6,0,0
BRDA:19,7,0,0
BRDA:22,8,0,0
BRDA:33,9,0,0
BRDA:41,10,0,1
BRDA:47,11,0,0
BRDA:82,12,0,1
BRDA:88,13,0,0
BRF:14
BRH:5
end_of_record
TN:
SF:dist\controllers\investimentoAtivoController.js
FN:2,__importDefault
FN:14,getAvailableYears
FN:38,getAll
FN:66,getById
FN:80,create
FN:95,update
FN:109,delete
FNF:7
FNH:1
FNDA:1,__importDefault
FNDA:0,getAvailableYears
FNDA:0,getAll
FNDA:0,getById
FNDA:0,create
FNDA:0,update
FNDA:0,delete
DA:1,1
DA:2,1
DA:3,1
DA:4,1
DA:5,1
DA:6,1
DA:7,1
DA:8,1
DA:9,1
DA:10,1
DA:11,1
DA:12,1
DA:13,1
DA:14,1
DA:15,0
DA:16,0
DA:17,0
DA:18,0
DA:19,0
DA:20,0
DA:21,0
DA:22,0
DA:23,0
DA:24,0
DA:25,0
DA:26,0
DA:27,0
DA:28,0
DA:29,0
DA:30,0
DA:31,0
DA:32,0
DA:33,0
DA:34,1
DA:35,1
DA:36,1
DA:37,1
DA:38,1
DA:39,0
DA:40,0
DA:41,0
DA:42,0
DA:43,0
DA:44,0
DA:45,0
DA:46,0
DA:47,0
DA:48,0
DA:49,0
DA:50,0
DA:51,0
DA:52,0
DA:53,0
DA:54,0
DA:55,0
DA:56,0
DA:57,0
DA:58,0
DA:59,0
DA:60,0
DA:61,0
DA:62,1
DA:63,1
DA:64,1
DA:65,1
DA:66,1
DA:67,0
DA:68,0
DA:69,0
DA:70,0
DA:71,0
DA:72,0
DA:73,0
DA:74,0
DA:75,0
DA:76,1
DA:77,1
DA:78,1
DA:79,1
DA:80,1
DA:81,0
DA:82,0
DA:83,0
DA:84,0
DA:85,0
DA:86,0
DA:87,0
DA:88,0
DA:89,0
DA:90,0
DA:91,1
DA:92,1
DA:93,1
DA:94,1
DA:95,1
DA:96,0
DA:97,0
DA:98,0
DA:99,0
DA:100,0
DA:101,0
DA:102,0
DA:103,0
DA:104,0
DA:105,1
DA:106,1
DA:107,1
DA:108,1
DA:109,1
DA:110,0
DA:111,0
DA:112,0
DA:113,0
DA:114,0
DA:115,0
DA:116,0
DA:117,0
DA:118,0
DA:119,1
DA:120,1
DA:121,1
LF:121
LH:42
BRDA:1,0,0,1
BRDA:2,1,0,1
BRDA:3,2,0,0
BRF:3
BRH:2
end_of_record
TN:
SF:dist\controllers\investimentoDashboardController.js
FN:2,__importDefault
FN:14,getAvailableYears
FN:38,getDashboard
FNF:3
FNH:1
FNDA:1,__importDefault
FNDA:0,getAvailableYears
FNDA:0,getDashboard
DA:1,1
DA:2,1
DA:3,1
DA:4,1
DA:5,1
DA:6,1
DA:7,1
DA:8,1
DA:9,1
DA:10,1
DA:11,1
DA:12,1
DA:13,1
DA:14,1
DA:15,0
DA:16,0
DA:17,0
DA:18,0
DA:19,0
DA:20,0
DA:21,0
DA:22,0
DA:23,0
DA:24,0
DA:25,0
DA:26,0
DA:27,0
DA:28,0
DA:29,0
DA:30,0
DA:31,0
DA:32,0
DA:33,0
DA:34,1
DA:35,1
DA:36,1
DA:37,1
DA:38,1
DA:39,0
DA:40,0
DA:41,0
DA:42,0
DA:43,0
DA:44,0
DA:45,0
DA:46,0
DA:47,0
DA:48,0
DA:49,0
DA:50,0
DA:51,0
DA:52,0
DA:53,0
DA:54,0
DA:55,0
DA:56,0
DA:57,0
DA:58,0
DA:59,0
DA:60,0
DA:61,0
DA:62,1
DA:63,1
DA:64,1
LF:64
LH:22
BRDA:1,0,0,1
BRDA:2,1,0,1
BRDA:3,2,0,0
BRF:3
BRH:2
end_of_record
TN:
SF:dist\controllers\investimentoMovimentacaoController.js
FN:2,__importDefault
FN:14,getAll
FN:52,getById
FN:66,create
FN:81,update
FN:95,delete
FNF:6
FNH:1
FNDA:1,__importDefault
FNDA:0,getAll
FNDA:0,getById
FNDA:0,create
FNDA:0,update
FNDA:0,delete
DA:1,1
DA:2,1
DA:3,1
DA:4,1
DA:5,1
DA:6,1
DA:7,1
DA:8,1
DA:9,1
DA:10,1
DA:11,1
DA:12,1
DA:13,1
DA:14,1
DA:15,0
DA:16,0
DA:17,0
DA:18,0
DA:19,0
DA:20,0
DA:21,0
DA:22,0
DA:23,0
DA:24,0
DA:25,0
DA:26,0
DA:27,0
DA:28,0
DA:29,0
DA:30,0
DA:31,0
DA:32,0
DA:33,0
DA:34,0
DA:35,0
DA:36,0
DA:37,0
DA:38,0
DA:39,0
DA:40,0
DA:41,0
DA:42,0
DA:43,0
DA:44,0
DA:45,0
DA:46,0
DA:47,0
DA:48,1
DA:49,1
DA:50,1
DA:51,1
DA:52,1
DA:53,0
DA:54,0
DA:55,0
DA:56,0
DA:57,0
DA:58,0
DA:59,0
DA:60,0
DA:61,0
DA:62,1
DA:63,1
DA:64,1
DA:65,1
DA:66,1
DA:67,0
DA:68,0
DA:69,0
DA:70,0
DA:71,0
DA:72,0
DA:73,0
DA:74,0
DA:75,0
DA:76,0
DA:77,1
DA:78,1
DA:79,1
DA:80,1
DA:81,1
DA:82,0
DA:83,0
DA:84,0
DA:85,0
DA:86,0
DA:87,0
DA:88,0
DA:89,0
DA:90,0
DA:91,1
DA:92,1
DA:93,1
DA:94,1
DA:95,1
DA:96,0
DA:97,0
DA:98,0
DA:99,0
DA:100,0
DA:101,0
DA:102,0
DA:103,0
DA:104,0
DA:105,1
DA:106,1
DA:107,1
LF:107
LH:37
BRDA:1,0,0,1
BRDA:2,1,0,1
BRDA:3,2,0,0
BRF:3
BRH:2
end_of_record
TN:
SF:dist\controllers\transacaoController.js
FN:2,__importDefault
FN:14,getAll
FN:51,getById
FN:65,create
FN:79,createBatch
FN:95,update
FN:110,delete
FN:124,getSummary
FN:156,copyByMonth
FN:172,deleteByMonths
FN:186,deleteTransactionByMeses
FNF:11
FNH:7
FNDA:1,__importDefault
FNDA:1,getAll
FNDA:0,getById
FNDA:1,create
FNDA:0,createBatch
FNDA:0,update
FNDA:1,delete
FNDA:1,getSummary
FNDA:1,copyByMonth
FNDA:0,deleteByMonths
FNDA:1,deleteTransactionByMeses
DA:1,1
DA:2,1
DA:3,1
DA:4,1
DA:5,1
DA:6,1
DA:7,1
DA:8,1
DA:9,1
DA:10,1
DA:11,1
DA:12,1
DA:13,1
DA:14,1
DA:15,1
DA:16,1
DA:17,1
DA:18,1
DA:19,1
DA:20,1
DA:21,1
DA:22,1
DA:23,1
DA:24,1
DA:25,1
DA:26,1
DA:27,1
DA:28,1
DA:29,1
DA:30,1
DA:31,1
DA:32,1
DA:33,1
DA:34,1
DA:35,1
DA:36,1
DA:37,1
DA:38,1
DA:39,1
DA:40,1
DA:41,1
DA:42,1
DA:43,1
DA:44,0
DA:45,0
DA:46,1
DA:47,1
DA:48,1
DA:49,1
DA:50,1
DA:51,1
DA:52,0
DA:53,0
DA:54,0
DA:55,0
DA:56,0
DA:57,0
DA:58,0
DA:59,0
DA:60,0
DA:61,1
DA:62,1
DA:63,1
DA:64,1
DA:65,1
DA:66,1
DA:67,1
DA:68,1
DA:69,1
DA:70,1
DA:71,1
DA:72,0
DA:73,0
DA:74,1
DA:75,1
DA:76,1
DA:77,1
DA:78,1
DA:79,1
DA:80,0
DA:81,0
DA:82,0
DA:83,0
DA:84,0
DA:85,0
DA:86,0
DA:87,0
DA:88,0
DA:89,0
DA:90,0
DA:91,1
DA:92,1
DA:93,1
DA:94,1
DA:95,1
DA:96,0
DA:97,0
DA:98,0
DA:99,0
DA:100,0
DA:101,0
DA:102,0
DA:103,0
DA:104,0
DA:105,0
DA:106,1
DA:107,1
DA:108,1
DA:109,1
DA:110,1
DA:111,1
DA:112,1
DA:113,1
DA:114,0
DA:115,0
DA:116,1
DA:117,1
DA:118,1
DA:119,1
DA:120,1
DA:121,1
DA:122,1
DA:123,1
DA:124,1
DA:125,1
DA:126,1
DA:127,1
DA:128,1
DA:129,1
DA:130,1
DA:131,1
DA:132,1
DA:133,1
DA:134,1
DA:135,1
DA:136,1
DA:137,1
DA:138,1
DA:139,1
DA:140,1
DA:141,1
DA:142,1
DA:143,1
DA:144,1
DA:145,1
DA:146,1
DA:147,1
DA:148,1
DA:149,0
DA:150,0
DA:151,1
DA:152,1
DA:153,1
DA:154,1
DA:155,1
DA:156,1
DA:157,1
DA:158,1
DA:159,1
DA:160,1
DA:161,1
DA:162,1
DA:163,1
DA:164,1
DA:165,0
DA:166,0
DA:167,1
DA:168,1
DA:169,1
DA:170,1
DA:171,1
DA:172,1
DA:173,0
DA:174,0
DA:175,0
DA:176,0
DA:177,0
DA:178,0
DA:179,0
DA:180,0
DA:181,0
DA:182,1
DA:183,1
DA:184,1
DA:185,1
DA:186,1
DA:187,1
DA:188,1
DA:189,1
DA:190,0
DA:191,0
DA:192,1
DA:193,1
DA:194,1
DA:195,1
DA:196,1
DA:197,1
DA:198,1
LF:198
LH:147
BRDA:1,0,0,1
BRDA:2,1,0,1
BRDA:3,2,0,0
BRDA:14,3,0,1
BRDA:16,4,0,0
BRDA:17,5,0,0
BRDA:22,6,0,0
BRDA:25,7,0,0
BRDA:43,8,0,0
BRDA:65,9,0,1
BRDA:71,10,0,0
BRDA:110,11,0,1
BRDA:114,12,0,0
BRDA:124,13,0,1
BRDA:129,14,0,0
BRDA:132,15,0,0
BRDA:148,16,0,0
BRDA:156,17,0,1
BRDA:164,18,0,0
BRDA:186,19,0,1
BRDA:190,20,0,0
BRF:21
BRH:8
end_of_record
TN:
SF:dist\controllers\userController.js
FN:2,__importDefault
FN:15,create
FN:32,list
FN:54,updateStatus
FN:68,update
FN:89,updateRole
FN:107,delete
FNF:7
FNH:5
FNDA:1,__importDefault
FNDA:2,create
FNDA:2,list
FNDA:0,updateStatus
FNDA:0,update
FNDA:1,updateRole
FNDA:1,delete
DA:1,1
DA:2,1
DA:3,1
DA:4,1
DA:5,1
DA:6,1
DA:7,1
DA:8,1
DA:9,1
DA:10,1
DA:11,1
DA:12,1
DA:13,1
DA:14,1
DA:15,1
DA:16,2
DA:17,2
DA:18,2
DA:19,1
DA:20,1
DA:21,1
DA:22,1
DA:23,1
DA:24,1
DA:25,1
DA:26,1
DA:27,2
DA:28,1
DA:29,1
DA:30,1
DA:31,1
DA:32,1
DA:33,2
DA:34,2
DA:35,2
DA:36,2
DA:37,2
DA:38,2
DA:39,2
DA:40,2
DA:41,2
DA:42,2
DA:43,2
DA:44,2
DA:45,2
DA:46,2
DA:47,0
DA:48,0
DA:49,2
DA:50,1
DA:51,1
DA:52,1
DA:53,1
DA:54,1
DA:55,0
DA:56,0
DA:57,0
DA:58,0
DA:59,0
DA:60,0
DA:61,0
DA:62,0
DA:63,0
DA:64,1
DA:65,1
DA:66,1
DA:67,1
DA:68,1
DA:69,0
DA:70,0
DA:71,0
DA:72,0
DA:73,0
DA:74,0
DA:75,0
DA:76,0
DA:77,0
DA:78,0
DA:79,0
DA:80,0
DA:81,0
DA:82,0
DA:83,0
DA:84,0
DA:85,1
DA:86,1
DA:87,1
DA:88,1
DA:89,1
DA:90,1
DA:91,1
DA:92,1
DA:93,1
DA:94,1
DA:95,0
DA:96,0
DA:97,0
DA:98,0
DA:99,1
DA:100,1
DA:101,1
DA:102,1
DA:103,1
DA:104,1
DA:105,1
DA:106,1
DA:107,1
DA:108,1
DA:109,1
DA:110,1
DA:111,0
DA:112,0
DA:113,1
DA:114,1
DA:115,1
DA:116,1
DA:117,1
DA:118,0
DA:119,0
DA:120,1
DA:121,1
DA:122,1
DA:123,1
LF:123
LH:88
BRDA:1,0,0,1
BRDA:2,1,0,1
BRDA:3,2,0,0
BRDA:15,3,0,2
BRDA:18,4,0,1
BRDA:32,5,0,2
BRDA:34,6,0,0
BRDA:35,7,0,0
BRDA:46,8,0,0
BRDA:89,9,0,1
BRDA:91,10,0,0
BRDA:95,11,0,0
BRDA:107,12,0,1
BRDA:110,13,0,0
BRDA:117,14,0,0
BRF:15
BRH:7
end_of_record
TN:
SF:dist\middlewares\authMiddleware.js
FN:2,__importDefault
FN:10,authenticateToken
FN:19,normalizeToken
FN:42,processAuth
FN:70,authorizeRoles
FNF:5
FNH:5
FNDA:1,__importDefault
FNDA:14,authenticateToken
FNDA:22,normalizeToken
FNDA:12,processAuth
FNDA:9,authorizeRoles
DA:1,1
DA:2,1
DA:3,1
DA:4,1
DA:5,1
DA:6,1
DA:7,1
DA:8,1
DA:9,1
DA:10,1
DA:11,14
DA:12,14
DA:13,14
DA:14,14
DA:15,14
DA:16,14
DA:17,14
DA:18,14
DA:19,14
DA:20,22
DA:21,22
DA:22,12
DA:23,12
DA:24,22
DA:25,22
DA:26,22
DA:27,1
DA:28,1
DA:29,12
DA:30,22
DA:31,11
DA:32,11
DA:33,22
DA:34,14
DA:35,14
DA:36,14
DA:37,14
DA:38,14
DA:39,14
DA:40,2
DA:41,2
DA:42,12
DA:43,12
DA:44,12
DA:45,12
DA:46,1
DA:47,1
DA:48,12
DA:49,0
DA:50,0
DA:51,10
DA:52,10
DA:53,10
DA:54,10
DA:55,10
DA:56,10
DA:57,10
DA:58,10
DA:59,10
DA:60,12
DA:61,12
DA:62,1
DA:63,0
DA:64,0
DA:65,0
DA:66,1
DA:67,12
DA:68,1
DA:69,1
DA:70,1
DA:71,4
DA:72,1
DA:73,1
DA:74,1
DA:75,4
DA:76,1
DA:77,1
DA:78,1
DA:79,2
DA:80,1
DA:81,1
LF:81
LH:76
BRDA:1,0,0,1
BRDA:2,1,0,1
BRDA:3,2,0,0
BRDA:10,3,0,14
BRDA:14,4,0,1
BRDA:17,5,0,1
BRDA:18,6,0,0
BRDA:35,7,0,3
BRDA:36,8,0,0
BRDA:36,9,0,3
BRDA:37,10,0,2
BRDA:39,11,0,2
BRDA:42,12,0,12
BRDA:15,13,0,3
BRDA:16,14,0,2
BRDA:19,15,0,22
BRDA:21,16,0,10
BRDA:22,17,0,12
BRDA:24,18,0,0
BRDA:25,19,0,12
BRDA:25,20,0,1
BRDA:25,21,0,11
BRDA:26,22,0,0
BRDA:26,23,0,1
BRDA:29,24,0,12
BRDA:30,25,0,11
BRDA:30,26,0,11
BRDA:33,27,0,12
BRDA:33,28,0,0
BRDA:42,29,0,12
BRDA:45,30,0,11
BRDA:45,31,0,1
BRDA:48,32,0,10
BRDA:48,33,0,0
BRDA:51,34,0,10
BRDA:61,35,0,1
BRDA:62,36,0,0
BRDA:70,37,0,9
BRDA:70,38,0,4
BRDA:71,39,0,1
BRDA:75,40,0,3
BRDA:75,41,0,1
BRDA:79,42,0,2
BRF:43
BRH:35
end_of_record
TN:
SF:dist\middlewares\errorHandler.js
FN:6,AppError
FN:15,errorHandler
FN:32,notFoundHandler
FNF:3
FNH:3
FNDA:77,AppError
FNDA:6,errorHandler
FNDA:1,notFoundHandler
DA:1,1
DA:2,1
DA:3,1
DA:4,1
DA:5,1
DA:6,1
DA:7,77
DA:8,77
DA:9,77
DA:10,77
DA:11,77
DA:12,77
DA:13,1
DA:14,1
DA:15,1
DA:16,6
DA:17,6
DA:18,6
DA:19,0
DA:20,0
DA:21,6
DA:22,6
DA:23,6
DA:24,6
DA:25,6
DA:26,0
DA:27,0
DA:28,0
DA:29,0
DA:30,1
DA:31,1
DA:32,1
DA:33,1
DA:34,1
DA:35,1
DA:36,1
DA:37,1
LF:37
LH:31
BRDA:1,0,0,1
BRDA:6,1,0,77
BRDA:15,2,0,6
BRDA:18,3,0,0
BRDA:26,4,0,0
BRDA:32,5,0,1
BRF:6
BRH:4
end_of_record
TN:
SF:dist\middlewares\validator.js
FN:6,validate
FNF:1
FNH:1
FNDA:25,validate
DA:1,1
DA:2,1
DA:3,1
DA:4,1
DA:5,1
DA:6,1
DA:7,25
DA:8,8
DA:9,8
DA:10,8
DA:11,8
DA:12,8
DA:13,5
DA:14,4
DA:15,8
DA:16,8
DA:17,4
DA:18,4
DA:19,4
DA:20,1
DA:21,1
DA:22,25
DA:23,1
DA:24,1
LF:24
LH:24
BRDA:1,0,0,1
BRDA:6,1,0,25
BRDA:7,2,0,8
BRDA:12,3,0,5
BRDA:13,4,0,4
BRDA:20,5,0,1
BRDA:14,6,0,8
BRF:7
BRH:7
end_of_record
TN:
SF:dist\repositories\bankRepository.js
FN:2,__importDefault
FN:12,findAll
FN:39,findById
FN:46,create
FN:65,update
FN:92,delete
FN:99,exists
FNF:7
FNH:7
FNDA:1,__importDefault
FNDA:1,findAll
FNDA:6,findById
FNDA:1,create
FNDA:2,update
FNDA:2,delete
FNDA:2,exists
DA:1,1
DA:2,1
DA:3,1
DA:4,1
DA:5,1
DA:6,1
DA:7,1
DA:8,1
DA:9,1
DA:10,1
DA:11,1
DA:12,1
DA:13,1
DA:14,1
DA:15,1
DA:16,1
DA:17,1
DA:18,1
DA:19,1
DA:20,1
DA:21,1
DA:22,1
DA:23,1
DA:24,1
DA:25,1
DA:26,1
DA:27,1
DA:28,1
DA:29,1
DA:30,1
DA:31,1
DA:32,1
DA:33,1
DA:34,1
DA:35,1
DA:36,1
DA:37,1
DA:38,1
DA:39,1
DA:40,6
DA:41,6
DA:42,6
DA:43,1
DA:44,1
DA:45,1
DA:46,1
DA:47,1
DA:48,1
DA:49,1
DA:50,1
DA:51,1
DA:52,1
DA:53,1
DA:54,1
DA:55,1
DA:56,1
DA:57,1
DA:58,0
DA:59,0
DA:60,1
DA:61,1
DA:62,1
DA:63,1
DA:64,1
DA:65,1
DA:66,2
DA:67,2
DA:68,2
DA:69,2
DA:70,2
DA:71,2
DA:72,2
DA:73,2
DA:74,2
DA:75,2
DA:76,2
DA:77,12
DA:78,2
DA:79,2
DA:80,2
DA:81,2
DA:82,2
DA:83,1
DA:84,1
DA:85,1
DA:86,1
DA:87,1
DA:88,2
DA:89,1
DA:90,1
DA:91,1
DA:92,1
DA:93,2
DA:94,2
DA:95,2
DA:96,1
DA:97,1
DA:98,1
DA:99,1
DA:100,2
DA:101,2
DA:102,2
DA:103,1
DA:104,1
DA:105,1
LF:105
LH:103
BRDA:1,0,0,1
BRDA:2,1,0,1
BRDA:3,2,0,0
BRDA:12,3,0,1
BRDA:39,4,0,6
BRDA:41,5,0,4
BRDA:41,6,0,2
BRDA:46,7,0,1
BRDA:54,8,0,0
BRDA:57,9,0,0
BRDA:65,10,0,2
BRDA:82,11,0,1
BRDA:76,12,0,12
BRDA:77,13,0,2
BRDA:92,14,0,2
BRDA:99,15,0,2
BRF:16
BRH:13
end_of_record
TN:
SF:dist\repositories\categoryRepository.js
FN:2,__importDefault
FN:12,findAll
FN:44,findById
FN:53,create
FN:70,update
FN:95,delete
FN:102,exists
FNF:7
FNH:7
FNDA:1,__importDefault
FNDA:1,findAll
FNDA:6,findById
FNDA:1,create
FNDA:2,update
FNDA:2,delete
FNDA:2,exists
DA:1,1
DA:2,1
DA:3,1
DA:4,1
DA:5,1
DA:6,1
DA:7,1
DA:8,1
DA:9,1
DA:10,1
DA:11,1
DA:12,1
DA:13,1
DA:14,1
DA:15,1
DA:16,1
DA:17,1
DA:18,0
DA:19,0
DA:20,0
DA:21,1
DA:22,0
DA:23,0
DA:24,0
DA:25,1
DA:26,1
DA:27,1
DA:28,1
DA:29,1
DA:30,1
DA:31,1
DA:32,1
DA:33,1
DA:34,1
DA:35,1
DA:36,1
DA:37,1
DA:38,1
DA:39,1
DA:40,1
DA:41,1
DA:42,1
DA:43,1
DA:44,1
DA:45,6
DA:46,6
DA:47,6
DA:48,6
DA:49,6
DA:50,1
DA:51,1
DA:52,1
DA:53,1
DA:54,1
DA:55,1
DA:56,1
DA:57,1
DA:58,1
DA:59,1
DA:60,1
DA:61,1
DA:62,1
DA:63,0
DA:64,0
DA:65,1
DA:66,1
DA:67,1
DA:68,1
DA:69,1
DA:70,1
DA:71,2
DA:72,2
DA:73,2
DA:74,2
DA:75,2
DA:76,2
DA:77,2
DA:78,2
DA:79,2
DA:80,8
DA:81,2
DA:82,2
DA:83,2
DA:84,2
DA:85,2
DA:86,1
DA:87,1
DA:88,1
DA:89,1
DA:90,1
DA:91,2
DA:92,1
DA:93,1
DA:94,1
DA:95,1
DA:96,2
DA:97,2
DA:98,2
DA:99,1
DA:100,1
DA:101,1
DA:102,1
DA:103,2
DA:104,2
DA:105,2
DA:106,1
DA:107,1
DA:108,1
LF:108
LH:100
BRDA:1,0,0,1
BRDA:2,1,0,1
BRDA:3,2,0,0
BRDA:12,3,0,1
BRDA:17,4,0,0
BRDA:21,5,0,0
BRDA:33,6,0,0
BRDA:34,7,0,0
BRDA:44,8,0,6
BRDA:48,9,0,4
BRDA:48,10,0,2
BRDA:53,11,0,1
BRDA:59,12,0,0
BRDA:62,13,0,0
BRDA:70,14,0,2
BRDA:85,15,0,1
BRDA:79,16,0,8
BRDA:80,17,0,2
BRDA:95,18,0,2
BRDA:102,19,0,2
BRF:20
BRH:13
end_of_record
TN:
SF:dist\repositories\descricaoRepository.js
FN:2,__importDefault
FN:12,findAll
FN:42,findById
FN:49,create
FN:61,update
FN:85,delete
FN:92,exists
FNF:7
FNH:7
FNDA:1,__importDefault
FNDA:1,findAll
FNDA:6,findById
FNDA:2,create
FNDA:3,update
FNDA:1,delete
FNDA:2,exists
DA:1,1
DA:2,1
DA:3,1
DA:4,1
DA:5,1
DA:6,1
DA:7,1
DA:8,1
DA:9,1
DA:10,1
DA:11,1
DA:12,1
DA:13,1
DA:14,1
DA:15,1
DA:16,1
DA:17,1
DA:18,1
DA:19,1
DA:20,1
DA:21,1
DA:22,1
DA:23,1
DA:24,1
DA:25,1
DA:26,1
DA:27,1
DA:28,1
DA:29,1
DA:30,1
DA:31,1
DA:32,1
DA:33,1
DA:34,1
DA:35,1
DA:36,1
DA:37,1
DA:38,1
DA:39,1
DA:40,1
DA:41,1
DA:42,1
DA:43,6
DA:44,6
DA:45,6
DA:46,1
DA:47,1
DA:48,1
DA:49,1
DA:50,2
DA:51,2
DA:52,2
DA:53,2
DA:54,1
DA:55,1
DA:56,1
DA:57,2
DA:58,1
DA:59,1
DA:60,1
DA:61,1
DA:62,3
DA:63,3
DA:64,3
DA:65,3
DA:66,3
DA:67,3
DA:68,3
DA:69,3
DA:70,9
DA:71,2
DA:72,2
DA:73,2
DA:74,3
DA:75,3
DA:76,2
DA:77,2
DA:78,1
DA:79,1
DA:80,1
DA:81,3
DA:82,1
DA:83,1
DA:84,1
DA:85,1
DA:86,1
DA:87,1
DA:88,1
DA:89,1
DA:90,1
DA:91,1
DA:92,1
DA:93,2
DA:94,2
DA:95,2
DA:96,1
DA:97,1
DA:98,1
LF:98
LH:98
BRDA:1,0,0,1
BRDA:2,1,0,1
BRDA:3,2,0,0
BRDA:12,3,0,1
BRDA:30,4,0,0
BRDA:42,5,0,6
BRDA:44,6,0,3
BRDA:44,7,0,3
BRDA:49,8,0,2
BRDA:53,9,0,1
BRDA:61,10,0,3
BRDA:75,11,0,2
BRDA:78,12,0,1
BRDA:69,13,0,9
BRDA:70,14,0,2
BRDA:85,15,0,1
BRDA:92,16,0,2
BRF:17
BRH:15
end_of_record
TN:
SF:dist\repositories\investimentoAtivoRepository.js
FN:2,__importDefault
FN:9,InvestimentoAtivoRepository
FN:25,findAll
FN:88,getAvailableYears
FN:113,findCarteira
FN:156,findById
FN:187,create
FN:208,update
FN:234,delete
FN:241,exists
FNF:10
FNH:2
FNDA:1,__importDefault
FNDA:1,InvestimentoAtivoRepository
FNDA:0,findAll
FNDA:0,getAvailableYears
FNDA:0,findCarteira
FNDA:0,findById
FNDA:0,create
FNDA:0,update
FNDA:0,delete
FNDA:0,exists
DA:1,1
DA:2,1
DA:3,1
DA:4,1
DA:5,1
DA:6,1
DA:7,1
DA:8,1
DA:9,1
DA:10,1
DA:11,1
DA:12,1
DA:13,1
DA:14,1
DA:15,1
DA:16,1
DA:17,1
DA:18,1
DA:19,1
DA:20,1
DA:21,1
DA:22,1
DA:23,1
DA:24,1
DA:25,1
DA:26,0
DA:27,0
DA:28,0
DA:29,0
DA:30,0
DA:31,0
DA:32,0
DA:33,0
DA:34,0
DA:35,0
DA:36,0
DA:37,0
DA:38,0
DA:39,0
DA:40,0
DA:41,0
DA:42,0
DA:43,0
DA:44,0
DA:45,0
DA:46,0
DA:47,0
DA:48,0
DA:49,0
DA:50,0
DA:51,0
DA:52,0
DA:53,0
DA:54,0
DA:55,0
DA:56,0
DA:57,0
DA:58,0
DA:59,0
DA:60,0
DA:61,0
DA:62,0
DA:63,0
DA:64,0
DA:65,0
DA:66,0
DA:67,0
DA:68,0
DA:69,0
DA:70,0
DA:71,0
DA:72,0
DA:73,0
DA:74,0
DA:75,0
DA:76,0
DA:77,0
DA:78,0
DA:79,0
DA:80,0
DA:81,0
DA:82,0
DA:83,0
DA:84,0
DA:85,1
DA:86,1
DA:87,1
DA:88,1
DA:89,0
DA:90,0
DA:91,0
DA:92,0
DA:93,0
DA:94,0
DA:95,0
DA:96,0
DA:97,0
DA:98,0
DA:99,0
DA:100,0
DA:101,0
DA:102,0
DA:103,0
DA:104,0
DA:105,0
DA:106,0
DA:107,0
DA:108,0
DA:109,0
DA:110,1
DA:111,1
DA:112,1
DA:113,1
DA:114,0
DA:115,0
DA:116,0
DA:117,0
DA:118,0
DA:119,0
DA:120,0
DA:121,0
DA:122,0
DA:123,0
DA:124,0
DA:125,0
DA:126,0
DA:127,0
DA:128,0
DA:129,0
DA:130,0
DA:131,0
DA:132,0
DA:133,0
DA:134,0
DA:135,0
DA:136,0
DA:137,0
DA:138,0
DA:139,0
DA:140,0
DA:141,0
DA:142,0
DA:143,0
DA:144,0
DA:145,0
DA:146,0
DA:147,0
DA:148,0
DA:149,0
DA:150,0
DA:151,0
DA:152,0
DA:153,1
DA:154,1
DA:155,1
DA:156,1
DA:157,0
DA:158,0
DA:159,0
DA:160,0
DA:161,0
DA:162,0
DA:163,0
DA:164,0
DA:165,0
DA:166,0
DA:167,0
DA:168,0
DA:169,0
DA:170,0
DA:171,0
DA:172,0
DA:173,0
DA:174,0
DA:175,0
DA:176,0
DA:177,0
DA:178,0
DA:179,0
DA:180,0
DA:181,0
DA:182,0
DA:183,0
DA:184,1
DA:185,1
DA:186,1
DA:187,1
DA:188,0
DA:189,0
DA:190,0
DA:191,0
DA:192,0
DA:193,0
DA:194,0
DA:195,0
DA:196,0
DA:197,0
DA:198,0
DA:199,0
DA:200,0
DA:201,0
DA:202,0
DA:203,0
DA:204,0
DA:205,1
DA:206,1
DA:207,1
DA:208,1
DA:209,0
DA:210,0
DA:211,0
DA:212,0
DA:213,0
DA:214,0
DA:215,0
DA:216,0
DA:217,0
DA:218,0
DA:219,0
DA:220,0
DA:221,0
DA:222,0
DA:223,0
DA:224,0
DA:225,0
DA:226,0
DA:227,0
DA:228,0
DA:229,0
DA:230,0
DA:231,1
DA:232,1
DA:233,1
DA:234,1
DA:235,0
DA:236,0
DA:237,0
DA:238,1
DA:239,1
DA:240,1
DA:241,1
DA:242,0
DA:243,0
DA:244,0
DA:245,1
DA:246,1
DA:247,1
LF:247
LH:56
BRDA:1,0,0,1
BRDA:2,1,0,1
BRDA:3,2,0,0
BRDA:9,3,0,1
BRF:4
BRH:3
end_of_record
TN:
SF:dist\repositories\investimentoMovimentacaoRepository.js
FN:2,__importDefault
FN:12,buildBaseFilters
FN:48,findAll
FN:83,findById
FN:107,create
FN:122,update
FN:147,delete
FN:154,exists
FN:161,getSummary
FN:195,getTimeline
FN:229,getAvailableYears
FNF:11
FNH:1
FNDA:1,__importDefault
FNDA:0,buildBaseFilters
FNDA:0,findAll
FNDA:0,findById
FNDA:0,create
FNDA:0,update
FNDA:0,delete
FNDA:0,exists
FNDA:0,getSummary
FNDA:0,getTimeline
FNDA:0,getAvailableYears
DA:1,1
DA:2,1
DA:3,1
DA:4,1
DA:5,1
DA:6,1
DA:7,1
DA:8,1
DA:9,1
DA:10,1
DA:11,1
DA:12,1
DA:13,0
DA:14,0
DA:15,0
DA:16,0
DA:17,0
DA:18,0
DA:19,0
DA:20,0
DA:21,0
DA:22,0
DA:23,0
DA:24,0
DA:25,0
DA:26,0
DA:27,0
DA:28,0
DA:29,0
DA:30,0
DA:31,0
DA:32,0
DA:33,0
DA:34,0
DA:35,0
DA:36,0
DA:37,0
DA:38,0
DA:39,0
DA:40,0
DA:41,0
DA:42,0
DA:43,0
DA:44,0
DA:45,1
DA:46,1
DA:47,1
DA:48,1
DA:49,0
DA:50,0
DA:51,0
DA:52,0
DA:53,0
DA:54,0
DA:55,0
DA:56,0
DA:57,0
DA:58,0
DA:59,0
DA:60,0
DA:61,0
DA:62,0
DA:63,0
DA:64,0
DA:65,0
DA:66,0
DA:67,0
DA:68,0
DA:69,0
DA:70,0
DA:71,0
DA:72,0
DA:73,0
DA:74,0
DA:75,0
DA:76,0
DA:77,0
DA:78,0
DA:79,0
DA:80,1
DA:81,1
DA:82,1
DA:83,1
DA:84,0
DA:85,0
DA:86,0
DA:87,0
DA:88,0
DA:89,0
DA:90,0
DA:91,0
DA:92,0
DA:93,0
DA:94,0
DA:95,0
DA:96,0
DA:97,0
DA:98,0
DA:99,0
DA:100,0
DA:101,0
DA:102,0
DA:103,0
DA:104,1
DA:105,1
DA:106,1
DA:107,1
DA:108,0
DA:109,0
DA:110,0
DA:111,0
DA:112,0
DA:113,0
DA:114,0
DA:115,0
DA:116,0
DA:117,0
DA:118,0
DA:119,1
DA:120,1
DA:121,1
DA:122,1
DA:123,0
DA:124,0
DA:125,0
DA:126,0
DA:127,0
DA:128,0
DA:129,0
DA:130,0
DA:131,0
DA:132,0
DA:133,0
DA:134,0
DA:135,0
DA:136,0
DA:137,0
DA:138,0
DA:139,0
DA:140,0
DA:141,0
DA:142,0
DA:143,0
DA:144,1
DA:145,1
DA:146,1
DA:147,1
DA:148,0
DA:149,0
DA:150,0
DA:151,1
DA:152,1
DA:153,1
DA:154,1
DA:155,0
DA:156,0
DA:157,0
DA:158,1
DA:159,1
DA:160,1
DA:161,1
DA:162,0
DA:163,0
DA:164,0
DA:165,0
DA:166,0
DA:167,0
DA:168,0
DA:169,0
DA:170,0
DA:171,0
DA:172,0
DA:173,0
DA:174,0
DA:175,0
DA:176,0
DA:177,0
DA:178,0
DA:179,0
DA:180,0
DA:181,0
DA:182,0
DA:183,0
DA:184,0
DA:185,0
DA:186,0
DA:187,0
DA:188,0
DA:189,0
DA:190,0
DA:191,0
DA:192,1
DA:193,1
DA:194,1
DA:195,1
DA:196,0
DA:197,0
DA:198,0
DA:199,0
DA:200,0
DA:201,0
DA:202,0
DA:203,0
DA:204,0
DA:205,0
DA:206,0
DA:207,0
DA:208,0
DA:209,0
DA:210,0
DA:211,0
DA:212,0
DA:213,0
DA:214,0
DA:215,0
DA:216,0
DA:217,0
DA:218,0
DA:219,0
DA:220,0
DA:221,0
DA:222,0
DA:223,0
DA:224,0
DA:225,0
DA:226,1
DA:227,1
DA:228,1
DA:229,1
DA:230,0
DA:231,0
DA:232,0
DA:233,0
DA:234,0
DA:235,0
DA:236,0
DA:237,0
DA:238,0
DA:239,0
DA:240,0
DA:241,0
DA:242,0
DA:243,0
DA:244,0
DA:245,0
DA:246,0
DA:247,0
DA:248,0
DA:249,0
DA:250,1
DA:251,1
DA:252,1
LF:252
LH:51
BRDA:1,0,0,1
BRDA:2,1,0,1
BRDA:3,2,0,0
BRF:3
BRH:2
end_of_record
TN:
SF:dist\repositories\transacaoRepository.js
FN:2,__importDefault
FN:12,findByMes
FN:27,createMany
FN:52,findAll
FN:118,findById
FN:139,create
FN:162,update
FN:193,delete
FN:203,deleteByIds
FN:215,deleteByMeses
FN:227,exists
FN:236,getSummary
FNF:12
FNH:12
FNDA:1,__importDefault
FNDA:1,findByMes
FNDA:2,createMany
FNDA:2,findAll
FNDA:4,findById
FNDA:1,create
FNDA:2,update
FNDA:2,delete
FNDA:2,deleteByIds
FNDA:2,deleteByMeses
FNDA:2,exists
FNDA:2,getSummary
DA:1,1
DA:2,1
DA:3,1
DA:4,1
DA:5,1
DA:6,1
DA:7,1
DA:8,1
DA:9,1
DA:10,1
DA:11,1
DA:12,1
DA:13,1
DA:14,1
DA:15,1
DA:16,1
DA:17,1
DA:18,1
DA:19,1
DA:20,1
DA:21,1
DA:22,1
DA:23,1
DA:24,1
DA:25,1
DA:26,1
DA:27,1
DA:28,2
DA:29,2
DA:30,1
DA:31,2
DA:32,2
DA:33,2
DA:34,2
DA:35,2
DA:36,2
DA:37,2
DA:38,2
DA:39,1
DA:40,1
DA:41,1
DA:42,1
DA:43,1
DA:44,1
DA:45,1
DA:46,1
DA:47,2
DA:48,2
DA:49,1
DA:50,1
DA:51,1
DA:52,1
DA:53,2
DA:54,2
DA:55,2
DA:56,2
DA:57,2
DA:58,2
DA:59,2
DA:60,2
DA:61,2
DA:62,2
DA:63,2
DA:64,2
DA:65,2
DA:66,2
DA:67,2
DA:68,2
DA:69,2
DA:70,2
DA:71,2
DA:72,0
DA:73,0
DA:74,0
DA:75,0
DA:76,2
DA:77,0
DA:78,0
DA:79,0
DA:80,2
DA:81,0
DA:82,0
DA:83,0
DA:84,2
DA:85,0
DA:86,0
DA:87,0
DA:88,2
DA:89,1
DA:90,1
DA:91,1
DA:92,2
DA:93,1
DA:94,1
DA:95,1
DA:96,1
DA:97,1
DA:98,1
DA:99,1
DA:100,2
DA:101,2
DA:102,2
DA:103,2
DA:104,2
DA:105,2
DA:106,2
DA:107,2
DA:108,2
DA:109,2
DA:110,2
DA:111,2
DA:112,2
DA:113,2
DA:114,2
DA:115,1
DA:116,1
DA:117,1
DA:118,1
DA:119,4
DA:120,4
DA:121,4
DA:122,4
DA:123,4
DA:124,4
DA:125,4
DA:126,4
DA:127,4
DA:128,4
DA:129,4
DA:130,4
DA:131,4
DA:132,4
DA:133,4
DA:134,4
DA:135,4
DA:136,1
DA:137,1
DA:138,1
DA:139,1
DA:140,1
DA:141,1
DA:142,1
DA:143,1
DA:144,1
DA:145,1
DA:146,1
DA:147,1
DA:148,1
DA:149,1
DA:150,1
DA:151,1
DA:152,1
DA:153,1
DA:154,1
DA:155,1
DA:156,1
DA:157,1
DA:158,1
DA:159,1
DA:160,1
DA:161,1
DA:162,1
DA:163,2
DA:164,2
DA:165,2
DA:166,2
DA:167,2
DA:168,2
DA:169,2
DA:170,2
DA:171,2
DA:172,2
DA:173,2
DA:174,2
DA:175,2
DA:176,16
DA:177,16
DA:178,2
DA:179,2
DA:180,2
DA:181,2
DA:182,2
DA:183,1
DA:184,1
DA:185,1
DA:186,1
DA:187,1
DA:188,1
DA:189,2
DA:190,1
DA:191,1
DA:192,1
DA:193,1
DA:194,2
DA:195,2
DA:196,2
DA:197,2
DA:198,2
DA:199,2
DA:200,1
DA:201,1
DA:202,1
DA:203,1
DA:204,2
DA:205,2
DA:206,1
DA:207,1
DA:208,1
DA:209,1
DA:210,2
DA:211,2
DA:212,1
DA:213,1
DA:214,1
DA:215,1
DA:216,2
DA:217,2
DA:218,1
DA:219,1
DA:220,1
DA:221,1
DA:222,2
DA:223,2
DA:224,1
DA:225,1
DA:226,1
DA:227,1
DA:228,2
DA:229,2
DA:230,2
DA:231,2
DA:232,2
DA:233,1
DA:234,1
DA:235,1
DA:236,1
DA:237,2
DA:238,2
DA:239,2
DA:240,2
DA:241,2
DA:242,2
DA:243,2
DA:244,2
DA:245,2
DA:246,2
DA:247,2
DA:248,2
DA:249,2
DA:250,2
DA:251,2
DA:252,2
DA:253,2
DA:254,2
DA:255,2
DA:256,2
DA:257,2
DA:258,2
DA:259,1
DA:260,1
DA:261,1
DA:262,1
DA:263,2
DA:264,1
DA:265,1
DA:266,1
DA:267,2
DA:268,1
DA:269,1
DA:270,1
DA:271,2
DA:272,1
DA:273,1
DA:274,1
DA:275,2
DA:276,1
DA:277,1
DA:278,1
DA:279,2
DA:280,1
DA:281,1
DA:282,1
DA:283,1
DA:284,1
DA:285,1
DA:286,1
DA:287,2
DA:288,2
DA:289,2
DA:290,1
DA:291,1
DA:292,1
LF:292
LH:279
BRDA:1,0,0,1
BRDA:2,1,0,1
BRDA:3,2,0,0
BRDA:12,3,0,1
BRDA:27,4,0,2
BRDA:29,5,0,1
BRDA:47,6,0,0
BRDA:30,7,0,2
BRDA:52,8,0,2
BRDA:53,9,0,0
BRDA:54,10,0,0
BRDA:71,11,0,0
BRDA:76,12,0,0
BRDA:80,13,0,0
BRDA:84,14,0,0
BRDA:88,15,0,1
BRDA:92,16,0,1
BRDA:118,17,0,4
BRDA:134,18,0,1
BRDA:139,19,0,1
BRDA:162,20,0,2
BRDA:182,21,0,1
BRDA:175,22,0,16
BRDA:177,23,0,2
BRDA:193,24,0,2
BRDA:203,25,0,2
BRDA:205,26,0,1
BRDA:210,27,0,0
BRDA:206,28,0,2
BRDA:215,29,0,2
BRDA:217,30,0,1
BRDA:222,31,0,0
BRDA:218,32,0,2
BRDA:227,33,0,2
BRDA:236,34,0,2
BRDA:258,35,0,1
BRDA:263,36,0,1
BRDA:267,37,0,1
BRDA:271,38,0,1
BRDA:275,39,0,1
BRDA:279,40,0,1
BRF:41
BRH:31
end_of_record
TN:
SF:dist\repositories\userRepository.js
FN:2,__importDefault
FN:12,findAll
FN:39,findByEmail
FN:46,findById
FN:53,create
FN:71,updateStatus
FN:78,updateRole
FN:85,updateUser
FN:111,delete
FN:118,countByRole
FN:125,countActiveByRole
FN:132,exists
FNF:12
FNH:11
FNDA:1,__importDefault
FNDA:1,findAll
FNDA:0,findByEmail
FNDA:8,findById
FNDA:2,create
FNDA:1,updateStatus
FNDA:1,updateRole
FNDA:2,updateUser
FNDA:2,delete
FNDA:1,countByRole
FNDA:1,countActiveByRole
FNDA:2,exists
DA:1,1
DA:2,1
DA:3,1
DA:4,1
DA:5,1
DA:6,1
DA:7,1
DA:8,1
DA:9,1
DA:10,1
DA:11,1
DA:12,1
DA:13,1
DA:14,1
DA:15,1
DA:16,1
DA:17,1
DA:18,1
DA:19,1
DA:20,1
DA:21,1
DA:22,1
DA:23,1
DA:24,1
DA:25,1
DA:26,1
DA:27,1
DA:28,1
DA:29,1
DA:30,1
DA:31,1
DA:32,1
DA:33,1
DA:34,1
DA:35,1
DA:36,1
DA:37,1
DA:38,1
DA:39,1
DA:40,0
DA:41,0
DA:42,0
DA:43,1
DA:44,1
DA:45,1
DA:46,1
DA:47,8
DA:48,8
DA:49,8
DA:50,1
DA:51,1
DA:52,1
DA:53,1
DA:54,2
DA:55,2
DA:56,2
DA:57,2
DA:58,2
DA:59,2
DA:60,2
DA:61,2
DA:62,2
DA:63,2
DA:64,1
DA:65,1
DA:66,1
DA:67,2
DA:68,1
DA:69,1
DA:70,1
DA:71,1
DA:72,1
DA:73,1
DA:74,1
DA:75,1
DA:76,1
DA:77,1
DA:78,1
DA:79,1
DA:80,1
DA:81,1
DA:82,1
DA:83,1
DA:84,1
DA:85,1
DA:86,2
DA:87,2
DA:88,2
DA:89,2
DA:90,2
DA:91,2
DA:92,2
DA:93,2
DA:94,2
DA:95,2
DA:96,10
DA:97,9
DA:98,9
DA:99,9
DA:100,2
DA:101,2
DA:102,0
DA:103,0
DA:104,2
DA:105,2
DA:106,2
DA:107,2
DA:108,1
DA:109,1
DA:110,1
DA:111,1
DA:112,2
DA:113,2
DA:114,2
DA:115,1
DA:116,1
DA:117,1
DA:118,1
DA:119,1
DA:120,1
DA:121,1
DA:122,1
DA:123,1
DA:124,1
DA:125,1
DA:126,1
DA:127,1
DA:128,1
DA:129,1
DA:130,1
DA:131,1
DA:132,1
DA:133,2
DA:134,2
DA:135,2
DA:136,1
DA:137,1
DA:138,1
LF:138
LH:133
BRDA:1,0,0,1
BRDA:2,1,0,1
BRDA:3,2,0,0
BRDA:12,3,0,1
BRDA:30,4,0,0
BRDA:46,5,0,8
BRDA:48,6,0,6
BRDA:48,7,0,2
BRDA:53,8,0,2
BRDA:63,9,0,1
BRDA:71,10,0,1
BRDA:78,11,0,1
BRDA:85,12,0,2
BRDA:101,13,0,0
BRDA:95,14,0,10
BRDA:96,15,0,9
BRDA:111,16,0,2
BRDA:118,17,0,1
BRDA:120,18,0,0
BRDA:125,19,0,1
BRDA:127,20,0,0
BRDA:132,21,0,2
BRF:22
BRH:17
end_of_record
TN:
SF:dist\routes\authRoutes.js
FN:2,__importDefault
FNF:1
FNH:1
FNDA:1,__importDefault
DA:1,1
DA:2,1
DA:3,1
DA:4,1
DA:5,1
DA:6,1
DA:7,1
DA:8,1
DA:9,1
DA:10,1
DA:11,1
DA:12,1
DA:13,1
DA:14,1
DA:15,1
DA:16,1
DA:17,1
DA:18,1
DA:19,1
DA:20,1
DA:21,1
DA:22,1
DA:23,1
DA:24,1
DA:25,1
DA:26,1
DA:27,1
DA:28,1
DA:29,1
DA:30,1
DA:31,1
DA:32,1
DA:33,1
DA:34,1
DA:35,1
DA:36,1
DA:37,1
DA:38,1
DA:39,1
DA:40,1
DA:41,1
DA:42,1
DA:43,1
DA:44,1
DA:45,1
DA:46,1
DA:47,1
DA:48,1
DA:49,1
DA:50,1
DA:51,1
DA:52,1
DA:53,1
DA:54,1
DA:55,1
DA:56,1
DA:57,1
DA:58,1
DA:59,1
DA:60,1
DA:61,1
DA:62,1
DA:63,1
DA:64,1
DA:65,1
DA:66,1
DA:67,1
DA:68,1
DA:69,1
DA:70,1
DA:71,1
DA:72,1
DA:73,1
DA:74,1
DA:75,1
DA:76,1
DA:77,1
DA:78,1
DA:79,1
DA:80,1
DA:81,1
DA:82,1
DA:83,1
DA:84,1
DA:85,1
DA:86,1
DA:87,1
DA:88,1
DA:89,1
DA:90,1
DA:91,1
DA:92,1
DA:93,1
DA:94,1
DA:95,1
DA:96,1
DA:97,1
DA:98,1
DA:99,1
DA:100,1
DA:101,1
DA:102,1
DA:103,1
DA:104,1
DA:105,1
DA:106,1
DA:107,1
DA:108,1
DA:109,1
DA:110,1
DA:111,1
DA:112,1
DA:113,1
DA:114,1
DA:115,1
DA:116,1
DA:117,1
DA:118,1
DA:119,1
DA:120,1
DA:121,1
DA:122,1
DA:123,1
LF:123
LH:123
BRDA:1,0,0,1
BRDA:2,1,0,1
BRDA:3,2,0,0
BRF:3
BRH:2
end_of_record
TN:
SF:dist\routes\bankRoutes.js
FN:2,__importDefault
FNF:1
FNH:1
FNDA:1,__importDefault
DA:1,1
DA:2,1
DA:3,1
DA:4,1
DA:5,1
DA:6,1
DA:7,1
DA:8,1
DA:9,1
DA:10,1
DA:11,1
DA:12,1
DA:13,1
DA:14,1
DA:15,1
DA:16,1
DA:17,1
DA:18,1
DA:19,1
DA:20,1
DA:21,1
DA:22,1
DA:23,1
DA:24,1
DA:25,1
DA:26,1
DA:27,1
DA:28,1
DA:29,1
DA:30,1
DA:31,1
DA:32,1
DA:33,1
DA:34,1
DA:35,1
DA:36,1
DA:37,1
DA:38,1
DA:39,1
DA:40,1
DA:41,1
DA:42,1
DA:43,1
DA:44,1
DA:45,1
DA:46,1
DA:47,1
DA:48,1
DA:49,1
DA:50,1
DA:51,1
DA:52,1
DA:53,1
DA:54,1
DA:55,1
DA:56,1
DA:57,1
DA:58,1
DA:59,1
DA:60,1
DA:61,1
DA:62,1
DA:63,1
DA:64,1
DA:65,1
DA:66,1
DA:67,1
DA:68,1
DA:69,1
DA:70,1
DA:71,1
DA:72,1
DA:73,1
DA:74,1
DA:75,1
DA:76,1
DA:77,1
DA:78,1
DA:79,1
DA:80,1
DA:81,1
DA:82,1
DA:83,1
DA:84,1
DA:85,1
DA:86,1
DA:87,1
DA:88,1
DA:89,1
DA:90,1
DA:91,1
DA:92,1
DA:93,1
DA:94,1
DA:95,1
DA:96,1
DA:97,1
DA:98,1
DA:99,1
DA:100,1
DA:101,1
DA:102,1
DA:103,1
DA:104,1
DA:105,1
DA:106,1
DA:107,1
DA:108,1
DA:109,1
DA:110,1
DA:111,1
DA:112,1
DA:113,1
DA:114,1
DA:115,1
DA:116,1
DA:117,1
DA:118,1
DA:119,1
DA:120,1
DA:121,1
DA:122,1
DA:123,1
DA:124,1
DA:125,1
DA:126,1
DA:127,1
DA:128,1
DA:129,1
DA:130,1
DA:131,1
DA:132,1
DA:133,1
DA:134,1
DA:135,1
DA:136,1
DA:137,1
DA:138,1
DA:139,1
DA:140,1
DA:141,1
DA:142,1
DA:143,1
DA:144,1
DA:145,1
DA:146,1
DA:147,1
DA:148,1
DA:149,1
DA:150,1
DA:151,1
DA:152,1
DA:153,1
DA:154,1
DA:155,1
DA:156,1
DA:157,1
DA:158,1
DA:159,1
DA:160,1
DA:161,1
DA:162,1
DA:163,1
DA:164,1
DA:165,1
DA:166,1
DA:167,1
DA:168,1
DA:169,1
DA:170,1
DA:171,1
DA:172,1
DA:173,1
DA:174,1
DA:175,1
DA:176,1
DA:177,1
DA:178,1
DA:179,1
DA:180,1
DA:181,1
DA:182,1
DA:183,1
DA:184,1
DA:185,1
DA:186,1
DA:187,1
DA:188,1
DA:189,1
DA:190,1
DA:191,1
DA:192,1
DA:193,1
DA:194,1
DA:195,1
DA:196,1
DA:197,1
DA:198,1
DA:199,1
DA:200,1
DA:201,1
DA:202,1
DA:203,1
DA:204,1
DA:205,1
DA:206,1
DA:207,1
DA:208,1
DA:209,1
DA:210,1
DA:211,1
DA:212,1
DA:213,1
DA:214,1
DA:215,1
DA:216,1
DA:217,1
DA:218,1
DA:219,1
DA:220,1
DA:221,1
DA:222,1
DA:223,1
DA:224,1
DA:225,1
DA:226,1
DA:227,1
LF:227
LH:227
BRDA:1,0,0,1
BRDA:2,1,0,1
BRDA:3,2,0,0
BRF:3
BRH:2
end_of_record
TN:
SF:dist\routes\categoryRoutes.js
FN:2,__importDefault
FNF:1
FNH:1
FNDA:1,__importDefault
DA:1,1
DA:2,1
DA:3,1
DA:4,1
DA:5,1
DA:6,1
DA:7,1
DA:8,1
DA:9,1
DA:10,1
DA:11,1
DA:12,1
DA:13,1
DA:14,1
DA:15,1
DA:16,1
DA:17,1
DA:18,1
DA:19,1
DA:20,1
DA:21,1
DA:22,1
DA:23,1
DA:24,1
DA:25,1
DA:26,1
DA:27,1
DA:28,1
DA:29,1
DA:30,1
DA:31,1
DA:32,1
DA:33,1
DA:34,1
DA:35,1
DA:36,1
DA:37,1
DA:38,1
DA:39,1
DA:40,1
DA:41,1
DA:42,1
DA:43,1
DA:44,1
DA:45,1
DA:46,1
DA:47,1
DA:48,1
DA:49,1
DA:50,1
DA:51,1
DA:52,1
DA:53,1
DA:54,1
DA:55,1
DA:56,1
DA:57,1
DA:58,1
DA:59,1
DA:60,1
DA:61,1
DA:62,1
DA:63,1
DA:64,1
DA:65,1
DA:66,1
DA:67,1
DA:68,1
DA:69,1
DA:70,1
DA:71,1
DA:72,1
DA:73,1
DA:74,1
DA:75,1
DA:76,1
DA:77,1
DA:78,1
DA:79,1
DA:80,1
DA:81,1
DA:82,1
DA:83,1
DA:84,1
DA:85,1
DA:86,1
DA:87,1
DA:88,1
DA:89,1
DA:90,1
DA:91,1
DA:92,1
DA:93,1
DA:94,1
DA:95,1
DA:96,1
DA:97,1
DA:98,1
DA:99,1
DA:100,1
DA:101,1
DA:102,1
DA:103,1
DA:104,1
DA:105,1
DA:106,1
DA:107,1
DA:108,1
DA:109,1
DA:110,1
DA:111,1
DA:112,1
DA:113,1
DA:114,1
DA:115,1
DA:116,1
DA:117,1
DA:118,1
DA:119,1
DA:120,1
DA:121,1
DA:122,1
DA:123,1
DA:124,1
DA:125,1
DA:126,1
DA:127,1
DA:128,1
DA:129,1
DA:130,1
DA:131,1
DA:132,1
DA:133,1
DA:134,1
DA:135,1
DA:136,1
DA:137,1
LF:137
LH:137
BRDA:1,0,0,1
BRDA:2,1,0,1
BRDA:3,2,0,0
BRF:3
BRH:2
end_of_record
TN:
SF:dist\routes\descricaoRoutes.js
FN:2,__importDefault
FNF:1
FNH:1
FNDA:1,__importDefault
DA:1,1
DA:2,1
DA:3,1
DA:4,1
DA:5,1
DA:6,1
DA:7,1
DA:8,1
DA:9,1
DA:10,1
DA:11,1
DA:12,1
DA:13,1
DA:14,1
DA:15,1
DA:16,1
DA:17,1
DA:18,1
DA:19,1
DA:20,1
DA:21,1
DA:22,1
DA:23,1
DA:24,1
DA:25,1
DA:26,1
DA:27,1
DA:28,1
DA:29,1
DA:30,1
DA:31,1
DA:32,1
DA:33,1
DA:34,1
DA:35,1
DA:36,1
DA:37,1
DA:38,1
DA:39,1
DA:40,1
DA:41,1
DA:42,1
DA:43,1
DA:44,1
DA:45,1
DA:46,1
DA:47,1
DA:48,1
DA:49,1
DA:50,1
DA:51,1
DA:52,1
DA:53,1
DA:54,1
DA:55,1
DA:56,1
DA:57,1
DA:58,1
DA:59,1
DA:60,1
DA:61,1
DA:62,1
DA:63,1
DA:64,1
DA:65,1
DA:66,1
DA:67,1
DA:68,1
DA:69,1
DA:70,1
DA:71,1
DA:72,1
DA:73,1
DA:74,1
DA:75,1
DA:76,1
DA:77,1
DA:78,1
DA:79,1
DA:80,1
DA:81,1
DA:82,1
DA:83,1
DA:84,1
DA:85,1
DA:86,1
DA:87,1
DA:88,1
DA:89,1
DA:90,1
DA:91,1
DA:92,1
DA:93,1
DA:94,1
DA:95,1
DA:96,1
DA:97,1
DA:98,1
DA:99,1
DA:100,1
DA:101,1
DA:102,1
DA:103,1
DA:104,1
DA:105,1
DA:106,1
DA:107,1
DA:108,1
DA:109,1
DA:110,1
DA:111,1
DA:112,1
DA:113,1
DA:114,1
DA:115,1
DA:116,1
DA:117,1
DA:118,1
DA:119,1
DA:120,1
DA:121,1
DA:122,1
DA:123,1
DA:124,1
DA:125,1
DA:126,1
DA:127,1
DA:128,1
DA:129,1
DA:130,1
DA:131,1
DA:132,1
DA:133,1
DA:134,1
DA:135,1
DA:136,1
DA:137,1
DA:138,1
DA:139,1
LF:139
LH:139
BRDA:1,0,0,1
BRDA:2,1,0,1
BRDA:3,2,0,0
BRF:3
BRH:2
end_of_record
TN:
SF:dist\routes\investimentoRoutes.js
FN:2,__importDefault
FNF:1
FNH:1
FNDA:3,__importDefault
DA:1,1
DA:2,1
DA:3,3
DA:4,1
DA:5,1
DA:6,1
DA:7,1
DA:8,1
DA:9,1
DA:10,1
DA:11,1
DA:12,1
DA:13,1
DA:14,1
DA:15,1
DA:16,1
DA:17,1
DA:18,1
DA:19,1
DA:20,1
DA:21,1
DA:22,1
DA:23,1
DA:24,1
DA:25,1
DA:26,1
LF:26
LH:26
BRDA:1,0,0,1
BRDA:2,1,0,3
BRDA:3,2,0,0
BRF:3
BRH:2
end_of_record
TN:
SF:dist\routes\transacaoRoutes.js
FN:2,__importDefault
FNF:1
FNH:1
FNDA:1,__importDefault
DA:1,1
DA:2,1
DA:3,1
DA:4,1
DA:5,1
DA:6,1
DA:7,1
DA:8,1
DA:9,1
DA:10,1
DA:11,1
DA:12,1
DA:13,1
DA:14,1
DA:15,1
DA:16,1
DA:17,1
DA:18,1
DA:19,1
DA:20,1
DA:21,1
DA:22,1
DA:23,1
DA:24,1
DA:25,1
DA:26,1
DA:27,1
DA:28,1
DA:29,1
DA:30,1
DA:31,1
DA:32,1
DA:33,1
DA:34,1
DA:35,1
DA:36,1
DA:37,1
DA:38,1
DA:39,1
DA:40,1
DA:41,1
DA:42,1
DA:43,1
DA:44,1
DA:45,1
DA:46,1
DA:47,1
DA:48,1
DA:49,1
DA:50,1
DA:51,1
DA:52,1
DA:53,1
DA:54,1
DA:55,1
DA:56,1
DA:57,1
DA:58,1
DA:59,1
DA:60,1
DA:61,1
DA:62,1
DA:63,1
DA:64,1
DA:65,1
DA:66,1
DA:67,1
DA:68,1
DA:69,1
DA:70,1
DA:71,1
DA:72,1
DA:73,1
DA:74,1
DA:75,1
DA:76,1
DA:77,1
DA:78,1
DA:79,1
DA:80,1
DA:81,1
DA:82,1
DA:83,1
DA:84,1
DA:85,1
DA:86,1
DA:87,1
DA:88,1
DA:89,1
DA:90,1
DA:91,1
DA:92,1
DA:93,1
DA:94,1
DA:95,1
DA:96,1
DA:97,1
DA:98,1
DA:99,1
DA:100,1
DA:101,1
DA:102,1
DA:103,1
DA:104,1
DA:105,1
DA:106,1
DA:107,1
DA:108,1
DA:109,1
DA:110,1
DA:111,1
DA:112,1
DA:113,1
DA:114,1
DA:115,1
DA:116,1
DA:117,1
DA:118,1
DA:119,1
DA:120,1
DA:121,1
DA:122,1
DA:123,1
DA:124,1
DA:125,1
DA:126,1
DA:127,1
DA:128,1
DA:129,1
DA:130,1
DA:131,1
DA:132,1
DA:133,1
DA:134,1
DA:135,1
DA:136,1
DA:137,1
DA:138,1
DA:139,1
DA:140,1
DA:141,1
DA:142,1
DA:143,1
DA:144,1
DA:145,1
DA:146,1
DA:147,1
DA:148,1
DA:149,1
DA:150,1
DA:151,1
DA:152,1
DA:153,1
DA:154,1
DA:155,1
DA:156,1
DA:157,1
DA:158,1
DA:159,1
DA:160,1
DA:161,1
DA:162,1
DA:163,1
DA:164,1
DA:165,1
DA:166,1
DA:167,1
DA:168,1
DA:169,1
DA:170,1
DA:171,1
DA:172,1
DA:173,1
DA:174,1
DA:175,1
DA:176,1
DA:177,1
DA:178,1
DA:179,1
DA:180,1
DA:181,1
DA:182,1
DA:183,1
DA:184,1
DA:185,1
DA:186,1
DA:187,1
DA:188,1
DA:189,1
DA:190,1
DA:191,1
DA:192,1
DA:193,1
DA:194,1
DA:195,1
DA:196,1
DA:197,1
DA:198,1
DA:199,1
DA:200,1
DA:201,1
DA:202,1
DA:203,1
DA:204,1
DA:205,1
DA:206,1
DA:207,1
DA:208,1
DA:209,1
DA:210,1
DA:211,1
DA:212,1
DA:213,1
DA:214,1
DA:215,1
DA:216,1
DA:217,1
DA:218,1
DA:219,1
DA:220,1
DA:221,1
DA:222,1
DA:223,1
DA:224,1
DA:225,1
DA:226,1
DA:227,1
DA:228,1
DA:229,1
DA:230,1
DA:231,1
DA:232,1
DA:233,1
DA:234,1
DA:235,1
DA:236,1
DA:237,1
DA:238,1
DA:239,1
DA:240,1
DA:241,1
DA:242,1
DA:243,1
DA:244,1
DA:245,1
DA:246,1
DA:247,1
DA:248,1
DA:249,1
DA:250,1
DA:251,1
DA:252,1
DA:253,1
DA:254,1
DA:255,1
DA:256,1
DA:257,1
DA:258,1
DA:259,1
DA:260,1
DA:261,1
DA:262,1
DA:263,1
DA:264,1
DA:265,1
DA:266,1
DA:267,1
DA:268,1
DA:269,1
DA:270,1
DA:271,1
DA:272,1
DA:273,1
DA:274,1
DA:275,1
DA:276,1
DA:277,1
DA:278,1
DA:279,1
DA:280,1
DA:281,1
DA:282,1
DA:283,1
DA:284,1
DA:285,1
DA:286,1
DA:287,1
DA:288,1
DA:289,1
DA:290,1
DA:291,1
DA:292,1
DA:293,1
DA:294,1
DA:295,1
DA:296,1
DA:297,1
DA:298,1
DA:299,1
DA:300,1
DA:301,1
DA:302,1
DA:303,1
DA:304,1
DA:305,1
DA:306,1
DA:307,1
DA:308,1
DA:309,1
DA:310,1
DA:311,1
DA:312,1
DA:313,1
DA:314,1
DA:315,1
DA:316,1
DA:317,1
DA:318,1
DA:319,1
DA:320,1
DA:321,1
DA:322,1
DA:323,1
DA:324,1
DA:325,1
DA:326,1
DA:327,1
DA:328,1
DA:329,1
DA:330,1
DA:331,1
DA:332,1
DA:333,1
DA:334,1
DA:335,1
DA:336,1
DA:337,1
DA:338,1
DA:339,1
DA:340,1
DA:341,1
DA:342,1
DA:343,1
DA:344,1
DA:345,1
DA:346,1
DA:347,1
DA:348,1
DA:349,1
DA:350,1
DA:351,1
DA:352,1
DA:353,1
DA:354,1
DA:355,1
DA:356,1
DA:357,1
DA:358,1
DA:359,1
DA:360,1
DA:361,1
DA:362,1
DA:363,1
DA:364,1
DA:365,1
DA:366,1
DA:367,1
DA:368,1
DA:369,1
DA:370,1
DA:371,1
DA:372,1
DA:373,1
DA:374,1
DA:375,1
DA:376,1
DA:377,1
DA:378,1
DA:379,1
DA:380,1
DA:381,1
DA:382,1
DA:383,1
DA:384,1
DA:385,1
DA:386,1
DA:387,1
DA:388,1
DA:389,1
DA:390,1
LF:390
LH:390
BRDA:1,0,0,1
BRDA:2,1,0,1
BRDA:3,2,0,0
BRF:3
BRH:2
end_of_record
TN:
SF:dist\routes\userRoutes.js
FN:2,__importDefault
FNF:1
FNH:1
FNDA:1,__importDefault
DA:1,1
DA:2,1
DA:3,1
DA:4,1
DA:5,1
DA:6,1
DA:7,1
DA:8,1
DA:9,1
DA:10,1
DA:11,1
DA:12,1
DA:13,1
DA:14,1
DA:15,1
DA:16,1
DA:17,1
DA:18,1
DA:19,1
DA:20,1
DA:21,1
DA:22,1
DA:23,1
DA:24,1
DA:25,1
DA:26,1
DA:27,1
DA:28,1
DA:29,1
DA:30,1
DA:31,1
DA:32,1
DA:33,1
DA:34,1
DA:35,1
DA:36,1
DA:37,1
DA:38,1
DA:39,1
DA:40,1
DA:41,1
DA:42,1
DA:43,1
DA:44,1
DA:45,1
DA:46,1
DA:47,1
DA:48,1
DA:49,1
DA:50,1
DA:51,1
DA:52,1
DA:53,1
DA:54,1
DA:55,1
DA:56,1
DA:57,1
DA:58,1
DA:59,1
DA:60,1
DA:61,1
DA:62,1
DA:63,1
DA:64,1
DA:65,1
DA:66,1
DA:67,1
DA:68,1
DA:69,1
DA:70,1
DA:71,1
DA:72,1
DA:73,1
DA:74,1
DA:75,1
DA:76,1
DA:77,1
DA:78,1
DA:79,1
DA:80,1
DA:81,1
DA:82,1
DA:83,1
DA:84,1
DA:85,1
DA:86,1
DA:87,1
DA:88,1
DA:89,1
DA:90,1
DA:91,1
DA:92,1
DA:93,1
DA:94,1
DA:95,1
DA:96,1
DA:97,1
DA:98,1
DA:99,1
DA:100,1
DA:101,1
DA:102,1
DA:103,1
DA:104,1
DA:105,1
DA:106,1
DA:107,1
DA:108,1
DA:109,1
DA:110,1
DA:111,1
DA:112,1
DA:113,1
DA:114,1
DA:115,1
DA:116,1
DA:117,1
DA:118,1
DA:119,1
DA:120,1
DA:121,1
DA:122,1
DA:123,1
DA:124,1
DA:125,1
DA:126,1
DA:127,1
DA:128,1
DA:129,1
DA:130,1
DA:131,1
DA:132,1
DA:133,1
DA:134,1
DA:135,1
DA:136,1
DA:137,1
DA:138,1
DA:139,1
DA:140,1
DA:141,1
LF:141
LH:141
BRDA:1,0,0,1
BRDA:2,1,0,1
BRDA:3,2,0,0
BRF:3
BRH:2
end_of_record
TN:
SF:dist\schemas\authSchema.js
FNF:0
FNH:0
DA:1,1
DA:2,1
DA:3,1
DA:4,1
DA:5,1
DA:6,1
DA:7,1
DA:8,1
DA:9,1
DA:10,1
DA:11,1
DA:12,1
DA:13,1
DA:14,1
DA:15,1
DA:16,1
DA:17,1
DA:18,1
DA:19,1
DA:20,1
LF:20
LH:20
BRDA:1,0,0,1
BRF:1
BRH:1
end_of_record
TN:
SF:dist\schemas\bankSchema.js
FNF:0
FNH:0
DA:1,1
DA:2,1
DA:3,1
DA:4,1
DA:5,1
DA:6,1
DA:7,1
DA:8,1
DA:9,1
DA:10,1
DA:11,1
DA:12,1
DA:13,1
DA:14,1
DA:15,1
DA:16,1
DA:17,1
DA:18,1
DA:19,1
DA:20,1
DA:21,1
DA:22,1
DA:23,1
DA:24,1
DA:25,1
DA:26,1
DA:27,1
DA:28,1
DA:29,1
DA:30,1
DA:31,1
DA:32,1
DA:33,1
DA:34,1
DA:35,1
DA:36,1
DA:37,1
DA:38,1
DA:39,1
DA:40,1
DA:41,1
DA:42,1
DA:43,1
DA:44,1
DA:45,1
DA:46,1
DA:47,1
DA:48,1
DA:49,1
DA:50,1
DA:51,1
DA:52,1
DA:53,1
LF:53
LH:53
BRDA:1,0,0,1
BRF:1
BRH:1
end_of_record
TN:
SF:dist\schemas\categorySchema.js
FNF:0
FNH:0
DA:1,1
DA:2,1
DA:3,1
DA:4,1
DA:5,1
DA:6,1
DA:7,1
DA:8,1
DA:9,1
DA:10,1
DA:11,1
DA:12,1
DA:13,1
DA:14,1
DA:15,1
DA:16,1
DA:17,1
DA:18,1
DA:19,1
DA:20,1
DA:21,1
DA:22,1
DA:23,1
DA:24,1
DA:25,1
DA:26,1
DA:27,1
DA:28,1
DA:29,1
DA:30,1
DA:31,1
LF:31
LH:31
BRDA:1,0,0,1
BRF:1
BRH:1
end_of_record
TN:
SF:dist\schemas\descricaoSchema.js
FNF:0
FNH:0
DA:1,1
DA:2,1
DA:3,1
DA:4,1
DA:5,1
DA:6,1
DA:7,1
DA:8,1
DA:9,1
DA:10,1
DA:11,1
DA:12,1
DA:13,1
DA:14,1
LF:14
LH:14
BRDA:1,0,0,1
BRF:1
BRH:1
end_of_record
TN:
SF:dist\schemas\investimentoSchema.js
FN:27,exports.updateInvestimentoAtivoSchema.exports.createInvestimentoAtivoSchema.partial.refine.message
FN:44,exports.updateInvestimentoMovimentacaoSchema.exports.createInvestimentoMovimentacaoSchema.partial.refine.message
FNF:2
FNH:0
FNDA:0,exports.updateInvestimentoAtivoSchema.exports.createInvestimentoAtivoSchema.partial.refine.message
FNDA:0,exports.updateInvestimentoMovimentacaoSchema.exports.createInvestimentoMovimentacaoSchema.partial.refine.message
DA:1,1
DA:2,1
DA:3,1
DA:4,1
DA:5,1
DA:6,1
DA:7,1
DA:8,1
DA:9,1
DA:10,1
DA:11,1
DA:12,1
DA:13,1
DA:14,1
DA:15,1
DA:16,1
DA:17,1
DA:18,1
DA:19,1
DA:20,1
DA:21,1
DA:22,1
DA:23,1
DA:24,1
DA:25,1
DA:26,1
DA:27,1
DA:28,1
DA:29,1
DA:30,1
DA:31,1
DA:32,1
DA:33,1
DA:34,1
DA:35,1
DA:36,1
DA:37,1
DA:38,1
DA:39,1
DA:40,1
DA:41,1
DA:42,1
DA:43,1
DA:44,1
DA:45,1
DA:46,1
LF:46
LH:46
BRDA:1,0,0,1
BRF:1
BRH:1
end_of_record
TN:
SF:dist\schemas\transacaoSchema.js
FNF:0
FNH:0
DA:1,1
DA:2,1
DA:3,1
DA:4,1
DA:5,1
DA:6,1
DA:7,1
DA:8,1
DA:9,1
DA:10,1
DA:11,1
DA:12,1
DA:13,1
DA:14,1
DA:15,1
DA:16,1
DA:17,1
DA:18,1
DA:19,1
DA:20,1
DA:21,1
DA:22,1
DA:23,1
DA:24,1
DA:25,1
DA:26,1
DA:27,1
DA:28,1
DA:29,1
DA:30,1
DA:31,1
DA:32,1
DA:33,1
DA:34,1
DA:35,1
DA:36,1
DA:37,1
DA:38,1
DA:39,1
DA:40,1
DA:41,1
DA:42,1
DA:43,1
DA:44,1
DA:45,1
DA:46,1
DA:47,1
DA:48,1
DA:49,1
DA:50,1
DA:51,1
DA:52,1
DA:53,1
DA:54,1
DA:55,1
DA:56,1
DA:57,1
DA:58,1
DA:59,1
DA:60,1
DA:61,1
DA:62,1
DA:63,1
DA:64,1
DA:65,1
DA:66,1
DA:67,1
DA:68,1
DA:69,1
DA:70,1
DA:71,1
DA:72,1
DA:73,1
DA:74,1
DA:75,1
LF:75
LH:75
BRDA:1,0,0,1
BRF:1
BRH:1
end_of_record
TN:
SF:dist\schemas\userSchema.js
FNF:0
FNH:0
DA:1,1
DA:2,1
DA:3,1
DA:4,1
DA:5,1
DA:6,1
DA:7,1
DA:8,1
DA:9,1
DA:10,1
DA:11,1
DA:12,1
DA:13,1
DA:14,1
DA:15,1
DA:16,1
DA:17,1
DA:18,1
DA:19,1
DA:20,1
DA:21,1
DA:22,1
DA:23,1
DA:24,1
DA:25,1
DA:26,1
DA:27,1
DA:28,1
DA:29,1
DA:30,1
DA:31,1
DA:32,1
DA:33,1
DA:34,1
DA:35,1
DA:36,1
DA:37,1
DA:38,1
DA:39,1
DA:40,1
DA:41,1
DA:42,1
DA:43,1
DA:44,1
DA:45,1
DA:46,1
LF:46
LH:46
BRDA:1,0,0,1
BRF:1
BRH:1
end_of_record
TN:
SF:dist\services\authService.js
FN:2,__importDefault
FN:11,AuthService
FN:16,sanitizeEmail
FN:19,toPublicUser
FN:30,generateToken
FN:42,register
FN:62,login
FN:81,getMe
FN:91,verifyToken
FNF:9
FNH:8
FNDA:3,__importDefault
FNDA:1,AuthService
FNDA:2,sanitizeEmail
FNDA:1,toPublicUser
FNDA:1,generateToken
FNDA:1,register
FNDA:1,login
FNDA:0,getMe
FNDA:2,verifyToken
DA:1,1
DA:2,1
DA:3,3
DA:4,1
DA:5,1
DA:6,1
DA:7,1
DA:8,1
DA:9,1
DA:10,1
DA:11,1
DA:12,1
DA:13,1
DA:14,1
DA:15,1
DA:16,1
DA:17,2
DA:18,2
DA:19,1
DA:20,1
DA:21,1
DA:22,1
DA:23,1
DA:24,1
DA:25,1
DA:26,1
DA:27,1
DA:28,1
DA:29,1
DA:30,1
DA:31,1
DA:32,1
DA:33,1
DA:34,1
DA:35,1
DA:36,1
DA:37,1
DA:38,1
DA:39,1
DA:40,1
DA:41,1
DA:42,1
DA:43,1
DA:44,1
DA:45,1
DA:46,0
DA:47,0
DA:48,1
DA:49,1
DA:50,1
DA:51,1
DA:52,1
DA:53,1
DA:54,1
DA:55,1
DA:56,1
DA:57,1
DA:58,1
DA:59,1
DA:60,1
DA:61,1
DA:62,1
DA:63,1
DA:64,1
DA:65,1
DA:66,0
DA:67,0
DA:68,1
DA:69,1
DA:70,0
DA:71,0
DA:72,1
DA:73,1
DA:74,1
DA:75,0
DA:76,0
DA:77,0
DA:78,0
DA:79,0
DA:80,1
DA:81,1
DA:82,0
DA:83,0
DA:84,0
DA:85,0
DA:86,0
DA:87,0
DA:88,0
DA:89,0
DA:90,0
DA:91,1
DA:92,2
DA:93,2
DA:94,0
DA:95,0
DA:96,2
DA:97,2
DA:98,2
DA:99,2
DA:100,2
DA:101,2
DA:102,2
DA:103,2
DA:104,2
DA:105,2
DA:106,1
DA:107,1
DA:108,2
DA:109,2
DA:110,2
DA:111,2
DA:112,2
DA:113,2
DA:114,2
DA:115,2
DA:116,2
DA:117,2
DA:118,2
DA:119,1
DA:120,1
LF:120
LH:98
BRDA:1,0,0,1
BRDA:2,1,0,3
BRDA:3,2,0,1
BRDA:3,3,0,2
BRDA:11,4,0,1
BRDA:16,5,0,2
BRDA:19,6,0,1
BRDA:30,7,0,1
BRDA:42,8,0,1
BRDA:45,9,0,0
BRDA:62,10,0,1
BRDA:65,11,0,0
BRDA:69,12,0,0
BRDA:75,13,0,0
BRDA:91,14,0,2
BRDA:93,15,0,0
BRDA:96,16,0,0
BRDA:105,17,0,1
BRDA:105,18,0,1
BRDA:108,19,0,1
BRDA:109,20,0,0
BRDA:110,21,0,1
BRF:22
BRH:15
end_of_record
TN:
SF:dist\services\bankService.js
FN:2,__importDefault
FN:13,getAllBanks
FN:25,getBankById
FN:43,createBank
FN:55,updateBank
FN:77,deleteBank
FNF:6
FNH:6
FNDA:1,__importDefault
FNDA:2,getAllBanks
FNDA:2,getBankById
FNDA:2,createBank
FNDA:4,updateBank
FNDA:5,deleteBank
DA:1,1
DA:2,1
DA:3,1
DA:4,1
DA:5,1
DA:6,1
DA:7,1
DA:8,1
DA:9,1
DA:10,1
DA:11,1
DA:12,1
DA:13,1
DA:14,2
DA:15,2
DA:16,2
DA:17,2
DA:18,1
DA:19,1
DA:20,1
DA:21,2
DA:22,1
DA:23,1
DA:24,1
DA:25,1
DA:26,2
DA:27,2
DA:28,2
DA:29,0
DA:30,0
DA:31,1
DA:32,1
DA:33,1
DA:34,1
DA:35,1
DA:36,1
DA:37,1
DA:38,1
DA:39,2
DA:40,1
DA:41,1
DA:42,1
DA:43,1
DA:44,2
DA:45,2
DA:46,2
DA:47,2
DA:48,1
DA:49,1
DA:50,1
DA:51,2
DA:52,1
DA:53,1
DA:54,1
DA:55,1
DA:56,4
DA:57,4
DA:58,4
DA:59,1
DA:60,1
DA:61,3
DA:62,4
DA:63,1
DA:64,1
DA:65,1
DA:66,1
DA:67,4
DA:68,3
DA:69,3
DA:70,1
DA:71,1
DA:72,1
DA:73,4
DA:74,1
DA:75,1
DA:76,1
DA:77,1
DA:78,5
DA:79,5
DA:80,5
DA:81,1
DA:82,1
DA:83,4
DA:84,5
DA:85,1
DA:86,1
DA:87,5
DA:88,5
DA:89,4
DA:90,4
DA:91,2
DA:92,4
DA:93,4
DA:94,4
DA:95,1
DA:96,1
DA:97,1
DA:98,1
DA:99,1
DA:100,5
DA:101,1
DA:102,1
DA:103,1
LF:103
LH:101
BRDA:1,0,0,1
BRDA:2,1,0,1
BRDA:3,2,0,0
BRDA:13,3,0,2
BRDA:17,4,0,1
BRDA:25,5,0,2
BRDA:28,6,0,1
BRDA:28,7,0,0
BRDA:31,8,0,1
BRDA:35,9,0,0
BRDA:43,10,0,2
BRDA:47,11,0,1
BRDA:55,12,0,4
BRDA:58,13,0,1
BRDA:61,14,0,3
BRDA:62,15,0,2
BRDA:62,16,0,1
BRDA:67,17,0,3
BRDA:69,18,0,2
BRDA:70,19,0,1
BRDA:77,20,0,5
BRDA:80,21,0,1
BRDA:83,22,0,4
BRDA:84,23,0,2
BRDA:84,24,0,1
BRDA:88,25,0,4
BRDA:90,26,0,2
BRDA:92,27,0,1
BRDA:93,28,0,1
BRDA:94,29,0,1
BRF:30
BRH:27
end_of_record
TN:
SF:dist\services\categoryService.js
FN:2,__importDefault
FN:10,getAllCategories
FN:19,getCategoryById
FN:34,createCategory
FN:45,updateCategory
FN:64,deleteCategory
FNF:6
FNH:6
FNDA:1,__importDefault
FNDA:2,getAllCategories
FNDA:2,getCategoryById
FNDA:3,createCategory
FNDA:3,updateCategory
FNDA:5,deleteCategory
DA:1,1
DA:2,1
DA:3,1
DA:4,1
DA:5,1
DA:6,1
DA:7,1
DA:8,1
DA:9,1
DA:10,1
DA:11,2
DA:12,2
DA:13,2
DA:14,2
DA:15,1
DA:16,1
DA:17,1
DA:18,2
DA:19,1
DA:20,2
DA:21,2
DA:22,1
DA:23,1
DA:24,1
DA:25,0
DA:26,0
DA:27,2
DA:28,2
DA:29,2
DA:30,1
DA:31,1
DA:32,1
DA:33,2
DA:34,1
DA:35,3
DA:36,3
DA:37,3
DA:38,3
DA:39,2
DA:40,2
DA:41,1
DA:42,1
DA:43,1
DA:44,3
DA:45,1
DA:46,3
DA:47,3
DA:48,3
DA:49,1
DA:50,1
DA:51,2
DA:52,3
DA:53,1
DA:54,1
DA:55,1
DA:56,1
DA:57,3
DA:58,2
DA:59,2
DA:60,0
DA:61,0
DA:62,0
DA:63,3
DA:64,1
DA:65,5
DA:66,5
DA:67,5
DA:68,1
DA:69,1
DA:70,4
DA:71,5
DA:72,1
DA:73,1
DA:74,5
DA:75,5
DA:76,4
DA:77,4
DA:78,2
DA:79,2
DA:80,4
DA:81,4
DA:82,1
DA:83,1
DA:84,1
DA:85,1
DA:86,1
DA:87,5
DA:88,1
DA:89,1
DA:90,1
LF:90
LH:85
BRDA:1,0,0,1
BRDA:2,1,0,1
BRDA:3,2,0,0
BRDA:10,3,0,2
BRDA:14,4,0,1
BRDA:19,5,0,2
BRDA:22,6,0,1
BRDA:25,7,0,0
BRDA:29,8,0,1
BRDA:34,9,0,3
BRDA:38,10,0,2
BRDA:40,11,0,1
BRDA:45,12,0,3
BRDA:48,13,0,1
BRDA:51,14,0,2
BRDA:52,15,0,1
BRDA:57,16,0,2
BRDA:60,17,0,0
BRDA:64,18,0,5
BRDA:67,19,0,1
BRDA:70,20,0,4
BRDA:71,21,0,2
BRDA:71,22,0,1
BRDA:75,23,0,4
BRDA:77,24,0,2
BRDA:80,25,0,1
BRDA:81,26,0,1
BRF:27
BRH:24
end_of_record
TN:
SF:dist\services\descricaoService.js
FN:2,__importDefault
FN:11,getAllDescricoes
FN:20,getDescricaoById
FN:35,createDescricao
FN:51,updateDescricao
FN:77,deleteDescricao
FNF:6
FNH:6
FNDA:2,__importDefault
FNDA:2,getAllDescricoes
FNDA:2,getDescricaoById
FNDA:3,createDescricao
FNDA:4,updateDescricao
FNDA:4,deleteDescricao
DA:1,1
DA:2,1
DA:3,2
DA:4,1
DA:5,1
DA:6,1
DA:7,1
DA:8,1
DA:9,1
DA:10,1
DA:11,1
DA:12,2
DA:13,2
DA:14,2
DA:15,2
DA:16,1
DA:17,1
DA:18,1
DA:19,2
DA:20,1
DA:21,2
DA:22,2
DA:23,1
DA:24,1
DA:25,1
DA:26,0
DA:27,0
DA:28,2
DA:29,2
DA:30,2
DA:31,1
DA:32,1
DA:33,1
DA:34,2
DA:35,1
DA:36,3
DA:37,3
DA:38,3
DA:39,3
DA:40,1
DA:41,1
DA:42,2
DA:43,2
DA:44,2
DA:45,2
DA:46,2
DA:47,1
DA:48,1
DA:49,1
DA:50,3
DA:51,1
DA:52,4
DA:53,4
DA:54,4
DA:55,1
DA:56,1
DA:57,3
DA:58,4
DA:59,2
DA:60,2
DA:61,1
DA:62,1
DA:63,2
DA:64,2
DA:65,4
DA:66,0
DA:67,0
DA:68,1
DA:69,1
DA:70,4
DA:71,3
DA:72,3
DA:73,1
DA:74,1
DA:75,1
DA:76,4
DA:77,1
DA:78,4
DA:79,4
DA:80,4
DA:81,1
DA:82,1
DA:83,3
DA:84,1
DA:85,4
DA:86,3
DA:87,3
DA:88,2
DA:89,3
DA:90,3
DA:91,3
DA:92,1
DA:93,1
DA:94,1
DA:95,1
DA:96,1
DA:97,4
DA:98,1
DA:99,1
DA:100,1
LF:100
LH:96
BRDA:1,0,0,1
BRDA:2,1,0,2
BRDA:3,2,0,0
BRDA:11,3,0,2
BRDA:15,4,0,1
BRDA:20,5,0,2
BRDA:23,6,0,1
BRDA:26,7,0,0
BRDA:30,8,0,1
BRDA:35,9,0,3
BRDA:39,10,0,1
BRDA:42,11,0,2
BRDA:46,12,0,1
BRDA:51,13,0,4
BRDA:54,14,0,1
BRDA:57,15,0,3
BRDA:58,16,0,2
BRDA:60,17,0,1
BRDA:65,18,0,1
BRDA:65,19,0,0
BRDA:68,20,0,1
BRDA:70,21,0,3
BRDA:72,22,0,2
BRDA:73,23,0,1
BRDA:77,24,0,4
BRDA:80,25,0,1
BRDA:83,26,0,3
BRDA:84,27,0,1
BRDA:85,28,0,3
BRDA:87,29,0,1
BRDA:88,30,0,2
BRDA:89,31,0,1
BRDA:90,32,0,1
BRDA:91,33,0,1
BRF:34
BRH:31
end_of_record
TN:
SF:dist\services\index.js
FN:2,__importDefault
FN:8,get
FNF:2
FNH:2
FNDA:43,__importDefault
FNDA:43,get
DA:1,1
DA:2,1
DA:3,43
DA:4,1
DA:5,1
DA:6,1
DA:7,1
DA:8,1
LF:8
LH:8
BRDA:1,0,0,1
BRDA:2,1,0,43
BRDA:3,2,0,0
BRDA:8,3,0,43
BRF:4
BRH:3
end_of_record
TN:
SF:dist\services\investimentoAtivoService.js
FN:2,__importDefault
FN:10,normalizeDate
FN:24,getAllAtivos
FN:34,getAvailableYears
FN:40,getAtivoById
FN:50,createAtivo
FN:60,updateAtivo
FN:82,deleteAtivo
FN:108,validateBank
FNF:9
FNH:7
FNDA:2,__importDefault
FNDA:5,normalizeDate
FNDA:2,getAllAtivos
FNDA:0,getAvailableYears
FNDA:0,getAtivoById
FNDA:1,createAtivo
FNDA:2,updateAtivo
FNDA:1,deleteAtivo
FNDA:2,validateBank
DA:1,1
DA:2,1
DA:3,2
DA:4,1
DA:5,1
DA:6,1
DA:7,1
DA:8,1
DA:9,1
DA:10,1
DA:11,5
DA:12,1
DA:13,1
DA:14,5
DA:15,3
DA:16,3
DA:17,3
DA:18,1
DA:19,1
DA:20,1
DA:21,1
DA:22,1
DA:23,1
DA:24,1
DA:25,2
DA:26,2
DA:27,2
DA:28,2
DA:29,2
DA:30,2
DA:31,1
DA:32,1
DA:33,1
DA:34,1
DA:35,0
DA:36,0
DA:37,1
DA:38,1
DA:39,1
DA:40,1
DA:41,0
DA:42,0
DA:43,0
DA:44,0
DA:45,0
DA:46,0
DA:47,1
DA:48,1
DA:49,1
DA:50,1
DA:51,1
DA:52,1
DA:53,1
DA:54,1
DA:55,1
DA:56,1
DA:57,1
DA:58,1
DA:59,1
DA:60,1
DA:61,2
DA:62,2
DA:63,1
DA:64,1
DA:65,1
DA:66,1
DA:67,1
DA:68,1
DA:69,1
DA:70,1
DA:71,1
DA:72,2
DA:73,2
DA:74,2
DA:75,0
DA:76,0
DA:77,1
DA:78,2
DA:79,1
DA:80,1
DA:81,1
DA:82,1
DA:83,1
DA:84,1
DA:85,0
DA:86,0
DA:87,1
DA:88,1
DA:89,0
DA:90,0
DA:91,0
DA:92,1
DA:93,1
DA:94,1
DA:95,1
DA:96,1
DA:97,1
DA:98,1
DA:99,1
DA:100,1
DA:101,1
DA:102,0
DA:103,0
DA:104,1
DA:105,1
DA:106,1
DA:107,1
DA:108,1
DA:109,2
DA:110,2
DA:111,0
DA:112,0
DA:113,2
DA:114,1
DA:115,1
DA:116,1
LF:116
LH:97
BRDA:1,0,0,1
BRDA:2,1,0,2
BRDA:3,2,0,0
BRDA:10,3,0,5
BRDA:11,4,0,1
BRDA:14,5,0,4
BRDA:14,6,0,3
BRDA:18,7,0,1
BRDA:24,8,0,2
BRDA:27,9,0,0
BRDA:28,10,0,1
BRDA:28,11,0,0
BRDA:50,12,0,1
BRDA:60,13,0,2
BRDA:62,14,0,1
BRDA:72,15,0,0
BRDA:74,16,0,1
BRDA:74,17,0,0
BRDA:77,18,0,1
BRDA:82,19,0,1
BRDA:84,20,0,0
BRDA:89,21,0,0
BRDA:95,22,0,0
BRDA:97,23,0,0
BRDA:98,24,0,0
BRDA:102,25,0,0
BRDA:108,26,0,2
BRDA:110,27,0,0
BRF:28
BRH:16
end_of_record
TN:
SF:dist\services\investimentoDashboardService.js
FN:2,__importDefault
FN:9,normalizeDate
FN:23,getAvailableYears
FN:29,getDashboard
FNF:4
FNH:4
FNDA:2,__importDefault
FNDA:2,normalizeDate
FNDA:1,getAvailableYears
FNDA:1,getDashboard
DA:1,1
DA:2,1
DA:3,2
DA:4,1
DA:5,1
DA:6,1
DA:7,1
DA:8,1
DA:9,1
DA:10,2
DA:11,1
DA:12,1
DA:13,1
DA:14,1
DA:15,1
DA:16,1
DA:17,0
DA:18,1
DA:19,1
DA:20,1
DA:21,1
DA:22,1
DA:23,1
DA:24,1
DA:25,1
DA:26,1
DA:27,1
DA:28,1
DA:29,1
DA:30,1
DA:31,1
DA:32,1
DA:33,1
DA:34,1
DA:35,1
DA:36,1
DA:37,1
DA:38,1
DA:39,1
DA:40,1
DA:41,1
DA:42,1
DA:43,1
DA:44,1
DA:45,1
DA:46,1
DA:47,1
DA:48,1
DA:49,1
DA:50,1
DA:51,1
DA:52,1
DA:53,1
DA:54,1
DA:55,1
DA:56,1
DA:57,1
DA:58,1
DA:59,1
DA:60,1
DA:61,1
DA:62,1
DA:63,1
DA:64,1
DA:65,1
DA:66,1
DA:67,1
DA:68,1
DA:69,1
DA:70,1
DA:71,1
DA:72,1
LF:72
LH:71
BRDA:1,0,0,1
BRDA:2,1,0,2
BRDA:3,2,0,0
BRDA:9,3,0,2
BRDA:10,4,0,1
BRDA:17,5,0,0
BRDA:23,6,0,1
BRDA:29,7,0,1
BRDA:32,8,0,0
BRDA:33,9,0,0
BRDA:43,10,0,2
BRDA:43,11,0,0
BRDA:44,12,0,1
BRDA:46,13,0,0
BRF:14
BRH:8
end_of_record
TN:
SF:dist\services\investimentoMovimentacaoService.js
FN:2,__importDefault
FN:10,normalizeDate
FN:24,getAllMovimentacoes
FN:34,getMovimentacaoById
FN:44,createMovimentacao
FN:54,updateMovimentacao
FN:74,deleteMovimentacao
FN:87,validateAtivo
FNF:8
FNH:8
FNDA:2,__importDefault
FNDA:4,normalizeDate
FNDA:1,getAllMovimentacoes
FNDA:1,getMovimentacaoById
FNDA:1,createMovimentacao
FNDA:1,updateMovimentacao
FNDA:1,deleteMovimentacao
FNDA:2,validateAtivo
DA:1,1
DA:2,1
DA:3,2
DA:4,1
DA:5,1
DA:6,1
DA:7,1
DA:8,1
DA:9,1
DA:10,1
DA:11,4
DA:12,1
DA:13,1
DA:14,3
DA:15,3
DA:16,3
DA:17,3
DA:18,0
DA:19,1
DA:20,1
DA:21,1
DA:22,1
DA:23,1
DA:24,1
DA:25,1
DA:26,1
DA:27,1
DA:28,1
DA:29,1
DA:30,1
DA:31,1
DA:32,1
DA:33,1
DA:34,1
DA:35,1
DA:36,1
DA:37,1
DA:38,1
DA:39,0
DA:40,1
DA:41,1
DA:42,1
DA:43,1
DA:44,1
DA:45,1
DA:46,1
DA:47,1
DA:48,1
DA:49,1
DA:50,1
DA:51,1
DA:52,1
DA:53,1
DA:54,1
DA:55,1
DA:56,1
DA:57,0
DA:58,0
DA:59,1
DA:60,1
DA:61,1
DA:62,1
DA:63,1
DA:64,1
DA:65,1
DA:66,1
DA:67,0
DA:68,0
DA:69,1
DA:70,1
DA:71,1
DA:72,1
DA:73,1
DA:74,1
DA:75,1
DA:76,1
DA:77,0
DA:78,0
DA:79,1
DA:80,1
DA:81,1
DA:82,1
DA:83,1
DA:84,1
DA:85,1
DA:86,1
DA:87,1
DA:88,2
DA:89,2
DA:90,0
DA:91,0
DA:92,2
DA:93,1
DA:94,1
DA:95,1
LF:95
LH:85
BRDA:1,0,0,1
BRDA:2,1,0,2
BRDA:3,2,0,0
BRDA:10,3,0,4
BRDA:11,4,0,1
BRDA:14,5,0,3
BRDA:18,6,0,0
BRDA:24,7,0,1
BRDA:27,8,0,0
BRDA:28,9,0,0
BRDA:34,10,0,1
BRDA:39,11,0,0
BRDA:44,12,0,1
BRDA:54,13,0,1
BRDA:56,14,0,0
BRDA:64,15,0,0
BRDA:66,16,0,0
BRDA:74,17,0,1
BRDA:76,18,0,0
BRDA:87,19,0,2
BRDA:89,20,0,0
BRF:21
BRH:11
end_of_record
TN:
SF:dist\services\transacaoService.js
FN:2,__importDefault
FN:16,getAllTransacoes
FN:22,getById
FN:32,createTransacao
FN:39,createTransacoesBatch
FN:63,updateTransacao
FN:102,deleteTransacao
FN:125,getSummary
FN:131,copyTransacoesByMes
FN:199,deleteTransacoesByMeses
FN:213,deleteTransacaoByMeses
FN:265,validateCreateTransacaoRefs
FN:300,normalizeMes
FN:309,buildVencimento
FN:319,parseVencimento
FN:347,parseMes
FN:359,addMonthsToMes
FN:365,buildCopyIdentitySignature
FN:376,buildDeleteIdentitySignature
FNF:19
FNH:18
FNDA:4,__importDefault
FNDA:0,getAllTransacoes
FNDA:1,getById
FNDA:2,createTransacao
FNDA:3,createTransacoesBatch
FNDA:2,updateTransacao
FNDA:3,deleteTransacao
FNDA:1,getSummary
FNDA:4,copyTransacoesByMes
FNDA:2,deleteTransacoesByMeses
FNDA:4,deleteTransacaoByMeses
FNDA:4,validateCreateTransacaoRefs
FNDA:14,normalizeMes
FNDA:3,buildVencimento
FNDA:3,parseVencimento
FNDA:6,parseMes
FNDA:3,addMonthsToMes
FNDA:3,buildCopyIdentitySignature
FNDA:5,buildDeleteIdentitySignature
DA:1,1
DA:2,1
DA:3,4
DA:4,1
DA:5,1
DA:6,1
DA:7,1
DA:8,1
DA:9,1
DA:10,1
DA:11,1
DA:12,1
DA:13,1
DA:14,1
DA:15,1
DA:16,1
DA:17,0
DA:18,0
DA:19,1
DA:20,1
DA:21,1
DA:22,1
DA:23,1
DA:24,1
DA:25,1
DA:26,1
DA:27,0
DA:28,1
DA:29,1
DA:30,1
DA:31,1
DA:32,1
DA:33,2
DA:34,1
DA:35,2
DA:36,1
DA:37,1
DA:38,1
DA:39,1
DA:40,3
DA:41,1
DA:42,1
DA:43,3
DA:44,1
DA:45,1
DA:46,1
DA:47,1
DA:48,1
DA:49,1
DA:50,1
DA:51,3
DA:52,2
DA:53,2
DA:54,1
DA:55,1
DA:56,1
DA:57,1
DA:58,1
DA:59,3
DA:60,1
DA:61,1
DA:62,1
DA:63,1
DA:64,2
DA:65,2
DA:66,0
DA:67,0
DA:68,2
DA:69,2
DA:70,2
DA:71,2
DA:72,2
DA:73,1
DA:74,1
DA:75,2
DA:76,1
DA:77,1
DA:78,1
DA:79,1
DA:80,0
DA:81,0
DA:82,1
DA:83,0
DA:84,0
DA:85,1
DA:86,1
DA:87,1
DA:88,1
DA:89,1
DA:90,1
DA:91,0
DA:92,0
DA:93,1
DA:94,0
DA:95,0
DA:96,1
DA:97,1
DA:98,2
DA:99,1
DA:100,1
DA:101,1
DA:102,1
DA:103,3
DA:104,3
DA:105,3
DA:106,1
DA:107,1
DA:108,2
DA:109,2
DA:110,3
DA:111,3
DA:112,3
DA:113,2
DA:114,3
DA:115,3
DA:116,3
DA:117,1
DA:118,1
DA:119,1
DA:120,1
DA:121,3
DA:122,1
DA:123,1
DA:124,1
DA:125,1
DA:126,1
DA:127,1
DA:128,1
DA:129,1
DA:130,1
DA:131,1
DA:132,4
DA:133,4
DA:134,4
DA:135,1
DA:136,1
DA:137,3
DA:138,4
DA:139,1
DA:140,1
DA:141,2
DA:142,2
DA:143,2
DA:144,2
DA:145,2
DA:146,1
DA:147,1
DA:148,1
DA:149,1
DA:150,1
DA:151,1
DA:152,1
DA:153,1
DA:154,1
DA:155,1
DA:156,1
DA:157,1
DA:158,1
DA:159,1
DA:160,2
DA:161,2
DA:162,2
DA:163,2
DA:164,2
DA:165,2
DA:166,2
DA:167,2
DA:168,2
DA:169,2
DA:170,2
DA:171,2
DA:172,2
DA:173,2
DA:174,2
DA:175,2
DA:176,2
DA:177,2
DA:178,1
DA:179,1
DA:180,1
DA:181,1
DA:182,1
DA:183,1
DA:184,1
DA:185,1
DA:186,1
DA:187,2
DA:188,2
DA:189,2
DA:190,2
DA:191,2
DA:192,2
DA:193,2
DA:194,2
DA:195,4
DA:196,1
DA:197,1
DA:198,1
DA:199,1
DA:200,2
DA:201,2
DA:202,1
DA:203,1
DA:204,1
DA:205,1
DA:206,1
DA:207,1
DA:208,1
DA:209,2
DA:210,1
DA:211,1
DA:212,1
DA:213,1
DA:214,4
DA:215,4
DA:216,1
DA:217,1
DA:218,3
DA:219,4
DA:220,1
DA:221,1
DA:222,2
DA:223,4
DA:224,0
DA:225,0
DA:226,2
DA:227,2
DA:228,2
DA:229,2
DA:230,4
DA:231,1
DA:232,1
DA:233,1
DA:234,4
DA:235,2
DA:236,1
DA:237,1
DA:238,1
DA:239,1
DA:240,1
DA:241,2
DA:242,0
DA:243,0
DA:244,1
DA:245,1
DA:246,1
DA:247,1
DA:248,2
DA:249,2
DA:250,2
DA:251,1
DA:252,1
DA:253,2
DA:254,1
DA:255,1
DA:256,1
DA:257,1
DA:258,1
DA:259,1
DA:260,1
DA:261,4
DA:262,1
DA:263,1
DA:264,1
DA:265,1
DA:266,4
DA:267,4
DA:268,4
DA:269,4
DA:270,4
DA:271,4
DA:272,0
DA:273,0
DA:274,4
DA:275,4
DA:276,4
DA:277,4
DA:278,4
DA:279,0
DA:280,0
DA:281,4
DA:282,4
DA:283,4
DA:284,4
DA:285,1
DA:286,1
DA:287,4
DA:288,4
DA:289,4
DA:290,4
DA:291,0
DA:292,0
DA:293,4
DA:294,4
DA:295,4
DA:296,4
DA:297,0
DA:298,0
DA:299,4
DA:300,1
DA:301,14
DA:302,14
DA:303,4
DA:304,4
DA:305,4
DA:306,4
DA:307,0
DA:308,14
DA:309,1
DA:310,3
DA:311,3
DA:312,3
DA:313,3
DA:314,3
DA:315,3
DA:316,3
DA:317,3
DA:318,3
DA:319,1
DA:320,3
DA:321,3
DA:322,3
DA:323,3
DA:324,3
DA:325,3
DA:326,3
DA:327,3
DA:328,3
DA:329,0
DA:330,0
DA:331,0
DA:332,0
DA:333,0
DA:334,0
DA:335,0
DA:336,0
DA:337,0
DA:338,3
DA:339,3
DA:340,3
DA:341,3
DA:342,3
DA:343,0
DA:344,0
DA:345,3
DA:346,3
DA:347,1
DA:348,6
DA:349,0
DA:350,0
DA:351,6
DA:352,6
DA:353,6
DA:354,6
DA:355,0
DA:356,0
DA:357,6
DA:358,6
DA:359,1
DA:360,3
DA:361,3
DA:362,3
DA:363,3
DA:364,3
DA:365,1
DA:366,3
DA:367,3
DA:368,3
DA:369,3
DA:370,3
DA:371,3
DA:372,3
DA:373,3
DA:374,3
DA:375,3
DA:376,1
DA:377,5
DA:378,5
DA:379,5
DA:380,5
DA:381,5
DA:382,5
DA:383,5
DA:384,5
DA:385,1
DA:386,1
DA:387,1
LF:387
LH:346
BRDA:1,0,0,1
BRDA:2,1,0,4
BRDA:3,2,0,0
BRDA:22,3,0,1
BRDA:27,4,0,0
BRDA:32,5,0,2
BRDA:34,6,0,1
BRDA:39,7,0,3
BRDA:40,8,0,1
BRDA:43,9,0,2
BRDA:43,10,0,1
BRDA:51,11,0,2
BRDA:54,12,0,1
BRDA:63,13,0,2
BRDA:65,14,0,0
BRDA:72,15,0,1
BRDA:76,16,0,1
BRDA:79,17,0,0
BRDA:82,18,0,0
BRDA:88,19,0,0
BRDA:90,20,0,0
BRDA:93,21,0,0
BRDA:102,22,0,3
BRDA:105,23,0,1
BRDA:108,24,0,2
BRDA:112,25,0,1
BRDA:113,26,0,2
BRDA:114,27,0,1
BRDA:115,28,0,1
BRDA:116,29,0,1
BRDA:125,30,0,1
BRDA:131,31,0,4
BRDA:134,32,0,1
BRDA:137,33,0,3
BRDA:138,34,0,1
BRDA:141,35,0,2
BRDA:145,36,0,1
BRDA:175,37,0,1
BRDA:177,38,0,1
BRDA:133,39,0,4
BRDA:133,40,0,4
BRDA:199,41,0,2
BRDA:201,42,0,1
BRDA:200,43,0,3
BRDA:213,44,0,4
BRDA:215,45,0,1
BRDA:218,46,0,3
BRDA:219,47,0,1
BRDA:222,48,0,2
BRDA:223,49,0,0
BRDA:226,50,0,2
BRDA:230,51,0,1
BRDA:234,52,0,2
BRDA:235,53,0,1
BRDA:241,54,0,0
BRDA:244,55,0,1
BRDA:248,56,0,0
BRDA:250,57,0,1
BRDA:254,58,0,1
BRDA:222,59,0,3
BRDA:228,60,0,2
BRDA:229,61,0,2
BRDA:240,62,0,1
BRDA:245,63,0,1
BRDA:265,64,0,4
BRDA:269,65,0,2
BRDA:270,66,0,3
BRDA:271,67,0,0
BRDA:274,68,0,2
BRDA:275,69,0,2
BRDA:276,70,0,3
BRDA:278,71,0,0
BRDA:281,72,0,2
BRDA:284,73,0,1
BRDA:287,74,0,3
BRDA:287,75,0,2
BRDA:288,76,0,2
BRDA:290,77,0,0
BRDA:293,78,0,3
BRDA:293,79,0,2
BRDA:296,80,0,0
BRDA:300,81,0,14
BRDA:302,82,0,10
BRDA:303,83,0,4
BRDA:307,84,0,0
BRDA:309,85,0,3
BRDA:319,86,0,3
BRDA:329,87,0,0
BRDA:342,88,0,0
BRDA:347,89,0,6
BRDA:348,90,0,0
BRDA:354,91,0,0
BRDA:359,92,0,3
BRDA:365,93,0,3
BRDA:376,94,0,5
BRF:95
BRH:75
end_of_record
TN:
SF:dist\services\userService.js
FN:2,__importDefault
FN:10,sanitizeEmail
FN:13,toPublicUser
FN:24,listUsers
FN:37,updateStatus
FN:56,updateRole
FN:84,createUser
FN:112,updateUser
FN:167,deleteUser
FNF:9
FNH:9
FNDA:2,__importDefault
FNDA:7,sanitizeEmail
FNDA:5,toPublicUser
FNDA:2,listUsers
FNDA:2,updateStatus
FNDA:2,updateRole
FNDA:3,createUser
FNDA:4,updateUser
FNDA:3,deleteUser
DA:1,1
DA:2,1
DA:3,2
DA:4,1
DA:5,1
DA:6,1
DA:7,1
DA:8,1
DA:9,1
DA:10,1
DA:11,7
DA:12,7
DA:13,1
DA:14,5
DA:15,5
DA:16,5
DA:17,5
DA:18,5
DA:19,5
DA:20,5
DA:21,5
DA:22,5
DA:23,5
DA:24,1
DA:25,2
DA:26,2
DA:27,1
DA:28,1
DA:29,1
DA:30,1
DA:31,1
DA:32,1
DA:33,1
DA:34,1
DA:35,1
DA:36,2
DA:37,1
DA:38,2
DA:39,2
DA:40,2
DA:41,1
DA:42,1
DA:43,1
DA:44,2
DA:45,0
DA:46,0
DA:47,1
DA:48,1
DA:49,1
DA:50,1
DA:51,1
DA:52,0
DA:53,0
DA:54,0
DA:55,2
DA:56,1
DA:57,2
DA:58,2
DA:59,2
DA:60,0
DA:61,0
DA:62,2
DA:63,1
DA:64,1
DA:65,2
DA:66,0
DA:67,0
DA:68,0
DA:69,0
DA:70,0
DA:71,1
DA:72,2
DA:73,0
DA:74,0
DA:75,1
DA:76,1
DA:77,1
DA:78,1
DA:79,1
DA:80,0
DA:81,0
DA:82,0
DA:83,2
DA:84,1
DA:85,3
DA:86,3
DA:87,3
DA:88,3
DA:89,1
DA:90,1
DA:91,3
DA:92,3
DA:93,1
DA:94,1
DA:95,1
DA:96,1
DA:97,1
DA:98,1
DA:99,1
DA:100,1
DA:101,1
DA:102,1
DA:103,1
DA:104,1
DA:105,3
DA:106,2
DA:107,2
DA:108,0
DA:109,0
DA:110,0
DA:111,3
DA:112,1
DA:113,4
DA:114,4
DA:115,4
DA:116,0
DA:117,0
DA:118,4
DA:119,4
DA:120,2
DA:121,2
DA:122,1
DA:123,1
DA:124,2
DA:125,4
DA:126,1
DA:127,1
DA:128,4
DA:129,4
DA:130,4
DA:131,0
DA:132,0
DA:133,4
DA:134,1
DA:135,1
DA:136,4
DA:137,4
DA:138,4
DA:139,0
DA:140,0
DA:141,0
DA:142,0
DA:143,0
DA:144,4
DA:145,4
DA:146,4
DA:147,4
DA:148,4
DA:149,4
DA:150,4
DA:151,4
DA:152,4
DA:153,4
DA:154,4
DA:155,4
DA:156,0
DA:157,0
DA:158,1
DA:159,1
DA:160,4
DA:161,3
DA:162,3
DA:163,0
DA:164,0
DA:165,0
DA:166,4
DA:167,1
DA:168,3
DA:169,3
DA:170,3
DA:171,0
DA:172,0
DA:173,3
DA:174,0
DA:175,0
DA:176,3
DA:177,1
DA:178,1
DA:179,1
DA:180,1
DA:181,0
DA:182,0
DA:183,0
DA:184,0
DA:185,0
DA:186,0
DA:187,1
DA:188,2
DA:189,3
DA:190,1
DA:191,1
DA:192,3
DA:193,3
DA:194,2
DA:195,2
DA:196,0
DA:197,0
DA:198,0
DA:199,3
DA:200,1
DA:201,1
LF:201
LH:154
BRDA:1,0,0,1
BRDA:2,1,0,2
BRDA:3,2,0,1
BRDA:3,3,0,1
BRDA:10,4,0,7
BRDA:13,5,0,5
BRDA:24,6,0,2
BRDA:27,7,0,1
BRDA:28,8,0,1
BRDA:37,9,0,2
BRDA:40,10,0,1
BRDA:44,11,0,0
BRDA:47,12,0,1
BRDA:52,13,0,0
BRDA:56,14,0,2
BRDA:59,15,0,0
BRDA:62,16,0,1
BRDA:62,17,0,1
BRDA:65,18,0,0
BRDA:65,19,0,0
BRDA:71,20,0,1
BRDA:72,21,0,0
BRDA:75,22,0,1
BRDA:80,23,0,0
BRDA:84,24,0,3
BRDA:88,25,0,1
BRDA:91,26,0,2
BRDA:91,27,0,1
BRDA:91,28,0,1
BRDA:92,29,0,1
BRDA:105,30,0,2
BRDA:108,31,0,0
BRDA:112,32,0,4
BRDA:115,33,0,0
BRDA:119,34,0,2
BRDA:121,35,0,1
BRDA:121,36,0,1
BRDA:125,37,0,3
BRDA:125,38,0,2
BRDA:125,39,0,1
BRDA:128,40,0,2
BRDA:128,41,0,1
BRDA:129,42,0,0
BRDA:130,43,0,0
BRDA:133,44,0,2
BRDA:133,45,0,1
BRDA:133,46,0,1
BRDA:136,47,0,0
BRDA:137,48,0,0
BRDA:138,49,0,1
BRDA:138,50,0,0
BRDA:138,51,0,0
BRDA:144,52,0,1
BRDA:144,53,0,0
BRDA:146,54,0,1
BRDA:147,55,0,0
BRDA:155,56,0,1
BRDA:155,57,0,0
BRDA:158,58,0,1
BRDA:160,59,0,3
BRDA:163,60,0,0
BRDA:167,61,0,3
BRDA:170,62,0,0
BRDA:173,63,0,0
BRDA:176,64,0,1
BRDA:181,65,0,0
BRDA:188,66,0,2
BRDA:189,67,0,1
BRDA:193,68,0,2
BRDA:196,69,0,0
BRF:70
BRH:47
end_of_record
TN:
SF:dist\tests\runTests.js
FN:39,run
FNF:1
FNH:1
FNDA:1,run
DA:1,1
DA:2,1
DA:3,1
DA:4,1
DA:5,1
DA:6,1
DA:7,1
DA:8,1
DA:9,1
DA:10,1
DA:11,1
DA:12,1
DA:13,1
DA:14,1
DA:15,1
DA:16,1
DA:17,1
DA:18,1
DA:19,1
DA:20,1
DA:21,1
DA:22,1
DA:23,1
DA:24,1
DA:25,1
DA:26,1
DA:27,1
DA:28,1
DA:29,1
DA:30,1
DA:31,1
DA:32,1
DA:33,1
DA:34,1
DA:35,1
DA:36,1
DA:37,1
DA:38,1
DA:39,1
DA:40,1
DA:41,1
DA:42,1
DA:43,1
DA:44,206
DA:45,206
DA:46,206
DA:47,206
DA:48,206
DA:49,206
DA:50,0
DA:51,0
DA:52,0
DA:53,0
DA:54,206
DA:55,1
DA:56,1
DA:57,1
DA:58,1
DA:59,1
DA:60,0
DA:61,0
DA:62,1
DA:63,1
DA:64,0
DA:65,0
DA:66,0
DA:67,1
LF:67
LH:58
BRDA:1,0,0,1
BRDA:39,1,0,1
BRDA:43,2,0,206
BRDA:49,3,0,0
BRDA:59,4,0,0
BRF:5
BRH:3
end_of_record
TN:
SF:dist\tests\helpers\httpMocks.js
FN:4,createMockRequest
FN:12,createMockResponse
FN:16,status
FN:20,json
FN:27,getStatusCode
FN:28,getJsonBody
FN:32,createNextSpy
FN:34,next
FNF:8
FNH:8
FNDA:23,createMockRequest
FNDA:23,createMockResponse
FNDA:6,status
FNDA:17,json
FNDA:9,getStatusCode
FNDA:17,getJsonBody
FNDA:19,createNextSpy
FNDA:6,next
DA:1,1
DA:2,1
DA:3,1
DA:4,1
DA:5,23
DA:6,23
DA:7,23
DA:8,23
DA:9,23
DA:10,1
DA:11,1
DA:12,1
DA:13,23
DA:14,23
DA:15,23
DA:16,23
DA:17,6
DA:18,6
DA:19,23
DA:20,23
DA:21,17
DA:22,17
DA:23,23
DA:24,23
DA:25,23
DA:26,23
DA:27,23
DA:28,23
DA:29,23
DA:30,1
DA:31,1
DA:32,1
DA:33,19
DA:34,19
DA:35,6
DA:36,19
DA:37,19
DA:38,1
DA:39,1
LF:39
LH:39
BRDA:1,0,0,1
BRDA:4,1,0,23
BRDA:5,2,0,14
BRDA:6,3,0,17
BRDA:7,4,0,16
BRDA:12,5,0,23
BRDA:16,6,0,6
BRDA:20,7,0,17
BRDA:27,8,0,9
BRDA:28,9,0,17
BRDA:32,10,0,19
BRDA:34,11,0,6
BRF:12
BRH:12
end_of_record
TN:
SF:dist\tests\helpers\httpServer.js
FN:4,startTestHttpServer
FN:12,close
FNF:2
FNH:2
FNDA:12,startTestHttpServer
FNDA:12,close
DA:1,1
DA:2,1
DA:3,1
DA:4,1
DA:5,12
DA:6,12
DA:7,12
DA:8,12
DA:9,12
DA:10,12
DA:11,12
DA:12,12
DA:13,12
DA:14,12
DA:15,12
DA:16,0
DA:17,0
DA:18,0
DA:19,12
DA:20,12
DA:21,12
DA:22,12
DA:23,12
DA:24,1
DA:25,1
LF:25
LH:22
BRDA:1,0,0,1
BRDA:4,1,0,12
BRDA:6,2,0,12
BRDA:12,3,0,12
BRDA:13,4,0,12
BRDA:14,5,0,12
BRDA:15,6,0,0
BRF:7
BRH:6
end_of_record
TN:
SF:dist\utils\response.js
FN:4,successResponse
FN:10,paginatedResponse
FN:22,errorResponse
FNF:3
FNH:3
FNDA:12,successResponse
FNDA:9,paginatedResponse
FNDA:8,errorResponse
DA:1,1
DA:2,1
DA:3,1
DA:4,1
DA:5,12
DA:6,12
DA:7,12
DA:8,1
DA:9,1
DA:10,1
DA:11,9
DA:12,9
DA:13,9
DA:14,9
DA:15,9
DA:16,9
DA:17,9
DA:18,9
DA:19,9
DA:20,1
DA:21,1
DA:22,1
DA:23,8
DA:24,8
DA:25,8
DA:26,1
DA:27,1
LF:27
LH:27
BRDA:1,0,0,1
BRDA:4,1,0,12
BRDA:10,2,0,9
BRDA:22,3,0,8
BRF:4
BRH:4
end_of_record
